[INFO] Scanning for projects...
[INFO] ------------------------------------------------------------------------
[INFO] Reactor Build Order:
[INFO] 
[INFO] Plexus Compiler                                                    [pom]
[INFO] Plexus Compiler Api                                                [jar]
[INFO] Plexus Compiler Manager                                            [jar]
[INFO] Plexus Compiler Test Harness                                       [jar]
[INFO] Plexus Compilers                                                   [pom]
[INFO] Plexus AspectJ Compiler                                            [jar]
[INFO] Plexus C# Compiler                                                 [jar]
[INFO] Plexus Eclipse Compiler                                            [jar]
[INFO] Plexus Javac Component                                             [jar]
[INFO] Plexus Javac+error-prone Component                                 [jar]
[INFO] Plexus J2ObjC Compiler                                             [jar]
[INFO] Plexus Compiler It Tests                                           [pom]
[INFO] 
[INFO] ----------------< org.codehaus.plexus:plexus-compiler >-----------------
[INFO] Building Plexus Compiler 2.13.1-SNAPSHOT                          [1/12]
[INFO]   from pom.xml
[INFO] --------------------------------[ pom ]---------------------------------
[INFO] 
[INFO] --- clean:3.2.0:clean (default-clean) @ plexus-compiler ---
[INFO] 
[INFO] --- enforcer:3.3.0:enforce (enforce-maven) @ plexus-compiler ---
[INFO] Rule 0: org.apache.maven.enforcer.rules.version.RequireMavenVersion passed
[INFO] 
[INFO] --- enforcer:3.3.0:enforce (enforce-java) @ plexus-compiler ---
[INFO] Rule 0: org.apache.maven.enforcer.rules.version.RequireJavaVersion passed
[INFO] 
[INFO] --- enforcer:3.3.0:enforce (enforce-bytecode-version) @ plexus-compiler ---
[INFO] Adding ignore: module-info
[INFO] Rule 0: org.codehaus.mojo.extraenforcer.dependencies.EnforceBytecodeVersion passed
[INFO] 
[INFO] --- plexus-component-metadata:2.1.1:generate-metadata (process-classes) @ plexus-compiler ---
[INFO] 
[INFO] --- plexus-component-metadata:2.1.1:generate-metadata (default) @ plexus-compiler ---
[INFO] 
[INFO] --- plexus-component-metadata:2.1.1:merge-metadata (default) @ plexus-compiler ---
[INFO] 
[INFO] --- plexus-component-metadata:2.1.1:generate-test-metadata (process-test-classes) @ plexus-compiler ---
[INFO] 
[INFO] --------------< org.codehaus.plexus:plexus-compiler-api >---------------
[INFO] Building Plexus Compiler Api 2.13.1-SNAPSHOT                      [2/12]
[INFO]   from plexus-compiler-api/pom.xml
[INFO] --------------------------------[ jar ]---------------------------------
[INFO] 
[INFO] --- clean:3.2.0:clean (default-clean) @ plexus-compiler-api ---
[INFO] Deleting /plexus-compiler/plexus-compiler-api/target
[INFO] 
[INFO] --- enforcer:3.3.0:enforce (enforce-maven) @ plexus-compiler-api ---
[INFO] 
[INFO] --- enforcer:3.3.0:enforce (enforce-java) @ plexus-compiler-api ---
[INFO] 
[INFO] --- enforcer:3.3.0:enforce (enforce-bytecode-version) @ plexus-compiler-api ---
[INFO] Adding ignore: module-info
[INFO] Rule 0: org.codehaus.mojo.extraenforcer.dependencies.EnforceBytecodeVersion passed
[INFO] 
[INFO] --- resources:3.2.0:resources (default-resources) @ plexus-compiler-api ---
[INFO] Using 'UTF-8' encoding to copy filtered resources.
[INFO] Using 'UTF-8' encoding to copy filtered properties files.
[INFO] skip non existing resourceDirectory /plexus-compiler/plexus-compiler-api/src/main/resources
[INFO] 
[INFO] --- compiler:3.11.0:compile (default-compile) @ plexus-compiler-api ---
[INFO] Changes detected - recompiling the module! :source
[INFO] Compiling 17 source files with javac [debug release 8] to target/classes
[INFO] 
[INFO] --- plexus-component-metadata:2.1.1:generate-metadata (process-classes) @ plexus-compiler-api ---
[INFO] 
[INFO] --- plexus-component-metadata:2.1.1:generate-metadata (default) @ plexus-compiler-api ---
[INFO] 
[INFO] --- plexus-component-metadata:2.1.1:merge-metadata (default) @ plexus-compiler-api ---
[INFO] 
[INFO] --- resources:3.2.0:testResources (default-testResources) @ plexus-compiler-api ---
[INFO] Using 'UTF-8' encoding to copy filtered resources.
[INFO] Using 'UTF-8' encoding to copy filtered properties files.
[INFO] Copying 1 resource
[INFO] 
[INFO] --- compiler:3.11.0:testCompile (default-testCompile) @ plexus-compiler-api ---
[INFO] Changes detected - recompiling the module! :dependency
[INFO] Compiling 5 source files with javac [debug release 8] to target/test-classes
[INFO] 
[INFO] --- plexus-component-metadata:2.1.1:generate-test-metadata (process-test-classes) @ plexus-compiler-api ---
[INFO] 
[INFO] --- surefire:3.1.0:test (default-test) @ plexus-compiler-api ---
[INFO] Using auto detected provider org.apache.maven.surefire.junitplatform.JUnitPlatformProvider
[INFO] 
[INFO] -------------------------------------------------------
[INFO]  T E S T S
[INFO] -------------------------------------------------------
[INFO] Running org.codehaus.plexus.compiler.util.scan.StaleSourceScannerTest
[INFO] Tests run: 10, Failures: 0, Errors: 0, Skipped: 0, Time elapsed: 0.476 s - in org.codehaus.plexus.compiler.util.scan.StaleSourceScannerTest
[INFO] Running org.codehaus.plexus.compiler.util.scan.SimpleSourceInclusionScannerTest
[INFO] Tests run: 1, Failures: 0, Errors: 0, Skipped: 0, Time elapsed: 0.035 s - in org.codehaus.plexus.compiler.util.scan.SimpleSourceInclusionScannerTest
[INFO] Running org.codehaus.plexus.compiler.util.scan.mapping.SuffixMappingTest
[INFO] Tests run: 5, Failures: 0, Errors: 0, Skipped: 0, Time elapsed: 0.079 s - in org.codehaus.plexus.compiler.util.scan.mapping.SuffixMappingTest
[INFO] Running org.codehaus.plexus.compiler.CompilerConfigurationTest
[INFO] Tests run: 1, Failures: 0, Errors: 0, Skipped: 0, Time elapsed: 0.003 s - in org.codehaus.plexus.compiler.CompilerConfigurationTest
[INFO] 
[INFO] Results:
[INFO] 
[INFO] Tests run: 17, Failures: 0, Errors: 0, Skipped: 0
[INFO] 
[INFO] 
[INFO] ------------< org.codehaus.plexus:plexus-compiler-manager >-------------
[INFO] Building Plexus Compiler Manager 2.13.1-SNAPSHOT                  [3/12]
[INFO]   from plexus-compiler-manager/pom.xml
[INFO] --------------------------------[ jar ]---------------------------------
[INFO] 
[INFO] --- clean:3.2.0:clean (default-clean) @ plexus-compiler-manager ---
[INFO] Deleting /plexus-compiler/plexus-compiler-manager/target
[INFO] 
[INFO] --- enforcer:3.3.0:enforce (enforce-maven) @ plexus-compiler-manager ---
[INFO] 
[INFO] --- enforcer:3.3.0:enforce (enforce-java) @ plexus-compiler-manager ---
[INFO] 
[INFO] --- enforcer:3.3.0:enforce (enforce-bytecode-version) @ plexus-compiler-manager ---
[INFO] Adding ignore: module-info
[INFO] Rule 0: org.codehaus.mojo.extraenforcer.dependencies.EnforceBytecodeVersion passed
[INFO] 
[INFO] --- resources:3.2.0:resources (default-resources) @ plexus-compiler-manager ---
[INFO] Using 'UTF-8' encoding to copy filtered resources.
[INFO] Using 'UTF-8' encoding to copy filtered properties files.
[INFO] skip non existing resourceDirectory /plexus-compiler/plexus-compiler-manager/src/main/resources
[INFO] 
[INFO] --- compiler:3.11.0:compile (default-compile) @ plexus-compiler-manager ---
[INFO] Changes detected - recompiling the module! :dependency
[INFO] Compiling 3 source files with javac [debug release 8] to target/classes
[INFO] 
[INFO] --- plexus-component-metadata:2.1.1:generate-metadata (process-classes) @ plexus-compiler-manager ---
[INFO] Discovered 1 component descriptors(s)
[INFO] 
[INFO] --- plexus-component-metadata:2.1.1:generate-metadata (default) @ plexus-compiler-manager ---
[INFO] Discovered 1 component descriptors(s)
[INFO] 
[INFO] --- plexus-component-metadata:2.1.1:merge-metadata (default) @ plexus-compiler-manager ---
[INFO] 
[INFO] --- resources:3.2.0:testResources (default-testResources) @ plexus-compiler-manager ---
[INFO] Using 'UTF-8' encoding to copy filtered resources.
[INFO] Using 'UTF-8' encoding to copy filtered properties files.
[INFO] skip non existing resourceDirectory /plexus-compiler/plexus-compiler-manager/src/test/resources
[INFO] 
[INFO] --- compiler:3.11.0:testCompile (default-testCompile) @ plexus-compiler-manager ---
[INFO] Changes detected - recompiling the module! :dependency
[INFO] Compiling 1 source file with javac [debug release 8] to target/test-classes
[INFO] 
[INFO] --- plexus-component-metadata:2.1.1:generate-test-metadata (process-test-classes) @ plexus-compiler-manager ---
[INFO] 
[INFO] --- surefire:3.1.0:test (default-test) @ plexus-compiler-manager ---
[INFO] Using auto detected provider org.apache.maven.surefire.junitplatform.JUnitPlatformProvider
[INFO] 
[INFO] -------------------------------------------------------
[INFO]  T E S T S
[INFO] -------------------------------------------------------
[INFO] Running org.codehaus.plexus.compiler.manager.CompilerManagerTest
[INFO] Tests run: 1, Failures: 0, Errors: 0, Skipped: 0, Time elapsed: 1.714 s - in org.codehaus.plexus.compiler.manager.CompilerManagerTest
[INFO] 
[INFO] Results:
[INFO] 
[INFO] Tests run: 1, Failures: 0, Errors: 0, Skipped: 0
[INFO] 
[INFO] 
[INFO] --------------< org.codehaus.plexus:plexus-compiler-test >--------------
[INFO] Building Plexus Compiler Test Harness 2.13.1-SNAPSHOT             [4/12]
[INFO]   from plexus-compiler-test/pom.xml
[INFO] --------------------------------[ jar ]---------------------------------
[INFO] 
[INFO] --- clean:3.2.0:clean (default-clean) @ plexus-compiler-test ---
[INFO] Deleting /plexus-compiler/plexus-compiler-test/target
[INFO] 
[INFO] --- enforcer:3.3.0:enforce (enforce-maven) @ plexus-compiler-test ---
[INFO] 
[INFO] --- enforcer:3.3.0:enforce (enforce-java) @ plexus-compiler-test ---
[INFO] 
[INFO] --- enforcer:3.3.0:enforce (enforce-bytecode-version) @ plexus-compiler-test ---
[INFO] Adding ignore: module-info
[INFO] Rule 0: org.codehaus.mojo.extraenforcer.dependencies.EnforceBytecodeVersion passed
[INFO] 
[INFO] --- resources:3.2.0:resources (default-resources) @ plexus-compiler-test ---
[INFO] Using 'UTF-8' encoding to copy filtered resources.
[INFO] Using 'UTF-8' encoding to copy filtered properties files.
[INFO] skip non existing resourceDirectory /plexus-compiler/plexus-compiler-test/src/main/resources
[INFO] 
[INFO] --- compiler:3.11.0:compile (default-compile) @ plexus-compiler-test ---
[INFO] Changes detected - recompiling the module! :dependency
[INFO] Compiling 2 source files with javac [debug release 8] to target/classes
[INFO] /plexus-compiler/plexus-compiler-test/src/main/java/org/codehaus/plexus/compiler/AbstractCompilerTest.java: /plexus-compiler/plexus-compiler-test/src/main/java/org/codehaus/plexus/compiler/AbstractCompilerTest.java uses or overrides a deprecated API.
[INFO] /plexus-compiler/plexus-compiler-test/src/main/java/org/codehaus/plexus/compiler/AbstractCompilerTest.java: Recompile with -Xlint:deprecation for details.
[INFO] 
[INFO] --- plexus-component-metadata:2.1.1:generate-metadata (process-classes) @ plexus-compiler-test ---
[INFO] 
[INFO] --- plexus-component-metadata:2.1.1:generate-metadata (default) @ plexus-compiler-test ---
[INFO] 
[INFO] --- plexus-component-metadata:2.1.1:merge-metadata (default) @ plexus-compiler-test ---
[INFO] 
[INFO] --- resources:3.2.0:testResources (default-testResources) @ plexus-compiler-test ---
[INFO] Using 'UTF-8' encoding to copy filtered resources.
[INFO] Using 'UTF-8' encoding to copy filtered properties files.
[INFO] skip non existing resourceDirectory /plexus-compiler/plexus-compiler-test/src/test/resources
[INFO] 
[INFO] --- compiler:3.11.0:testCompile (default-testCompile) @ plexus-compiler-test ---
[INFO] No sources to compile
[INFO] 
[INFO] --- plexus-component-metadata:2.1.1:generate-test-metadata (process-test-classes) @ plexus-compiler-test ---
[INFO] 
[INFO] --- surefire:3.1.0:test (default-test) @ plexus-compiler-test ---
[INFO] No tests to run.
[INFO] 
[INFO] ----------------< org.codehaus.plexus:plexus-compilers >----------------
[INFO] Building Plexus Compilers 2.13.1-SNAPSHOT                         [5/12]
[INFO]   from plexus-compilers/pom.xml
[INFO] --------------------------------[ pom ]---------------------------------
[INFO] 
[INFO] --- clean:3.2.0:clean (default-clean) @ plexus-compilers ---
[INFO] 
[INFO] --- enforcer:3.3.0:enforce (enforce-maven) @ plexus-compilers ---
[INFO] 
[INFO] --- enforcer:3.3.0:enforce (enforce-java) @ plexus-compilers ---
[INFO] 
[INFO] --- enforcer:3.3.0:enforce (enforce-bytecode-version) @ plexus-compilers ---
[INFO] Adding ignore: module-info
[INFO] Rule 0: org.codehaus.mojo.extraenforcer.dependencies.EnforceBytecodeVersion passed
[INFO] 
[INFO] --- plexus-component-metadata:2.1.1:generate-metadata (process-classes) @ plexus-compilers ---
[INFO] 
[INFO] --- plexus-component-metadata:2.1.1:generate-metadata (default) @ plexus-compilers ---
[INFO] 
[INFO] --- plexus-component-metadata:2.1.1:merge-metadata (default) @ plexus-compilers ---
[INFO] 
[INFO] --- plexus-component-metadata:2.1.1:generate-test-metadata (process-test-classes) @ plexus-compilers ---
[INFO] 
[INFO] ------------< org.codehaus.plexus:plexus-compiler-aspectj >-------------
[INFO] Building Plexus AspectJ Compiler 2.13.1-SNAPSHOT                  [6/12]
[INFO]   from plexus-compilers/plexus-compiler-aspectj/pom.xml
[INFO] --------------------------------[ jar ]---------------------------------
[INFO] 
[INFO] --- clean:3.2.0:clean (default-clean) @ plexus-compiler-aspectj ---
[INFO] Deleting /plexus-compiler/plexus-compilers/plexus-compiler-aspectj/target
[INFO] 
[INFO] --- enforcer:3.3.0:enforce (enforce-maven) @ plexus-compiler-aspectj ---
[INFO] 
[INFO] --- enforcer:3.3.0:enforce (enforce-java) @ plexus-compiler-aspectj ---
[INFO] 
[INFO] --- enforcer:3.3.0:enforce (enforce-bytecode-version) @ plexus-compiler-aspectj ---
[INFO] Rule 0: org.codehaus.mojo.extraenforcer.dependencies.EnforceBytecodeVersion passed
[INFO] 
[INFO] --- resources:3.2.0:resources (default-resources) @ plexus-compiler-aspectj ---
[INFO] Using 'UTF-8' encoding to copy filtered resources.
[INFO] Using 'UTF-8' encoding to copy filtered properties files.
[INFO] skip non existing resourceDirectory /plexus-compiler/plexus-compilers/plexus-compiler-aspectj/src/main/resources
[INFO] 
[INFO] --- compiler:3.11.0:compile (default-compile) @ plexus-compiler-aspectj ---
[INFO] Changes detected - recompiling the module! :dependency
[INFO] Compiling 2 source files with javac [debug release 11] to target/classes
[INFO] /plexus-compiler/plexus-compilers/plexus-compiler-aspectj/src/main/java/org/codehaus/plexus/compiler/ajc/AspectJCompiler.java: /plexus-compiler/plexus-compilers/plexus-compiler-aspectj/src/main/java/org/codehaus/plexus/compiler/ajc/AspectJCompiler.java uses or overrides a deprecated API.
[INFO] /plexus-compiler/plexus-compilers/plexus-compiler-aspectj/src/main/java/org/codehaus/plexus/compiler/ajc/AspectJCompiler.java: Recompile with -Xlint:deprecation for details.
[INFO] 
[INFO] --- plexus-component-metadata:2.1.1:generate-metadata (process-classes) @ plexus-compiler-aspectj ---
[INFO] Discovered 1 component descriptors(s)
[INFO] 
[INFO] --- plexus-component-metadata:2.1.1:generate-metadata (default) @ plexus-compiler-aspectj ---
[INFO] Discovered 1 component descriptors(s)
[INFO] 
[INFO] --- plexus-component-metadata:2.1.1:merge-metadata (default) @ plexus-compiler-aspectj ---
[INFO] 
[INFO] --- resources:3.2.0:testResources (default-testResources) @ plexus-compiler-aspectj ---
[INFO] Using 'UTF-8' encoding to copy filtered resources.
[INFO] Using 'UTF-8' encoding to copy filtered properties files.
[INFO] skip non existing resourceDirectory /plexus-compiler/plexus-compilers/plexus-compiler-aspectj/src/test/resources
[INFO] 
[INFO] --- compiler:3.11.0:testCompile (default-testCompile) @ plexus-compiler-aspectj ---
[INFO] Changes detected - recompiling the module! :dependency
[INFO] Compiling 1 source file with javac [debug release 11] to target/test-classes
[INFO] 
[INFO] --- plexus-component-metadata:2.1.1:generate-test-metadata (process-test-classes) @ plexus-compiler-aspectj ---
[INFO] 
[INFO] --- surefire:3.1.0:test (default-test) @ plexus-compiler-aspectj ---
[INFO] Using auto detected provider org.apache.maven.surefire.junitplatform.JUnitPlatformProvider
[INFO] 
[INFO] -------------------------------------------------------
[INFO]  T E S T S
[INFO] -------------------------------------------------------
[INFO] Running org.codehaus.plexus.compiler.ajc.AspectJCompilerTest
[INFO] Tests run: 1, Failures: 0, Errors: 0, Skipped: 0, Time elapsed: 11.236 s - in org.codehaus.plexus.compiler.ajc.AspectJCompilerTest
[INFO] 
[INFO] Results:
[INFO] 
[INFO] Tests run: 1, Failures: 0, Errors: 0, Skipped: 0
[INFO] 
[INFO] 
[INFO] -------------< org.codehaus.plexus:plexus-compiler-csharp >-------------
[INFO] Building Plexus C# Compiler 2.13.1-SNAPSHOT                       [7/12]
[INFO]   from plexus-compilers/plexus-compiler-csharp/pom.xml
[INFO] --------------------------------[ jar ]---------------------------------
[INFO] 
[INFO] --- clean:3.2.0:clean (default-clean) @ plexus-compiler-csharp ---
[INFO] Deleting /plexus-compiler/plexus-compilers/plexus-compiler-csharp/target
[INFO] 
[INFO] --- enforcer:3.3.0:enforce (enforce-maven) @ plexus-compiler-csharp ---
[INFO] 
[INFO] --- enforcer:3.3.0:enforce (enforce-java) @ plexus-compiler-csharp ---
[INFO] 
[INFO] --- enforcer:3.3.0:enforce (enforce-bytecode-version) @ plexus-compiler-csharp ---
[INFO] Adding ignore: module-info
[INFO] Rule 0: org.codehaus.mojo.extraenforcer.dependencies.EnforceBytecodeVersion passed
[INFO] 
[INFO] --- resources:3.2.0:resources (default-resources) @ plexus-compiler-csharp ---
[INFO] Using 'UTF-8' encoding to copy filtered resources.
[INFO] Using 'UTF-8' encoding to copy filtered properties files.
[INFO] skip non existing resourceDirectory /plexus-compiler/plexus-compilers/plexus-compiler-csharp/src/main/resources
[INFO] 
[INFO] --- compiler:3.11.0:compile (default-compile) @ plexus-compiler-csharp ---
[INFO] Changes detected - recompiling the module! :dependency
[INFO] Compiling 3 source files with javac [debug release 8] to target/classes
[INFO] /plexus-compiler/plexus-compilers/plexus-compiler-csharp/src/main/java/org/codehaus/plexus/compiler/csharp/DefaultCSharpCompilerParser.java: /plexus-compiler/plexus-compilers/plexus-compiler-csharp/src/main/java/org/codehaus/plexus/compiler/csharp/DefaultCSharpCompilerParser.java uses or overrides a deprecated API.
[INFO] /plexus-compiler/plexus-compilers/plexus-compiler-csharp/src/main/java/org/codehaus/plexus/compiler/csharp/DefaultCSharpCompilerParser.java: Recompile with -Xlint:deprecation for details.
[INFO] 
[INFO] --- plexus-component-metadata:2.1.1:generate-metadata (process-classes) @ plexus-compiler-csharp ---
[INFO] Discovered 1 component descriptors(s)
[INFO] 
[INFO] --- plexus-component-metadata:2.1.1:generate-metadata (default) @ plexus-compiler-csharp ---
[INFO] Discovered 1 component descriptors(s)
[INFO] 
[INFO] --- plexus-component-metadata:2.1.1:merge-metadata (default) @ plexus-compiler-csharp ---
[INFO] 
[INFO] --- resources:3.2.0:testResources (default-testResources) @ plexus-compiler-csharp ---
[INFO] Using 'UTF-8' encoding to copy filtered resources.
[INFO] Using 'UTF-8' encoding to copy filtered properties files.
[INFO] skip non existing resourceDirectory /plexus-compiler/plexus-compilers/plexus-compiler-csharp/src/test/resources
[INFO] 
[INFO] --- compiler:3.11.0:testCompile (default-testCompile) @ plexus-compiler-csharp ---
[INFO] Changes detected - recompiling the module! :dependency
[INFO] Compiling 1 source file with javac [debug release 8] to target/test-classes
[INFO] 
[INFO] --- plexus-component-metadata:2.1.1:generate-test-metadata (process-test-classes) @ plexus-compiler-csharp ---
[INFO] 
[INFO] --- surefire:3.1.0:test (default-test) @ plexus-compiler-csharp ---
[INFO] Using auto detected provider org.apache.maven.surefire.junitplatform.JUnitPlatformProvider
[INFO] 
[INFO] -------------------------------------------------------
[INFO]  T E S T S
[INFO] -------------------------------------------------------
[INFO] Running org.codehaus.plexus.compiler.csharp.CSharpCompilerTest
[INFO] Tests run: 3, Failures: 0, Errors: 0, Skipped: 0, Time elapsed: 0.304 s - in org.codehaus.plexus.compiler.csharp.CSharpCompilerTest
[INFO] 
[INFO] Results:
[INFO] 
[INFO] Tests run: 3, Failures: 0, Errors: 0, Skipped: 0
[INFO] 
[INFO] 
[INFO] ------------< org.codehaus.plexus:plexus-compiler-eclipse >-------------
[INFO] Building Plexus Eclipse Compiler 2.13.1-SNAPSHOT                  [8/12]
[INFO]   from plexus-compilers/plexus-compiler-eclipse/pom.xml
[INFO] --------------------------------[ jar ]---------------------------------
[INFO] 
[INFO] --- clean:3.2.0:clean (default-clean) @ plexus-compiler-eclipse ---
[INFO] 
[INFO] --- enforcer:3.3.0:enforce (enforce-maven) @ plexus-compiler-eclipse ---
[INFO] 
[INFO] --- enforcer:3.3.0:enforce (enforce-java) @ plexus-compiler-eclipse ---
[INFO] 
[INFO] --- enforcer:3.3.0:enforce (enforce-bytecode-version) @ plexus-compiler-eclipse ---
[INFO] Restricted to JDK 11 yet org.eclipse.jdt:ecj:jar:3.34.0:compile contains org/eclipse/jdt/internal/compiler/ast/CompactConstructorDeclaration.class targeted to JDK 17
[INFO] ------------------------------------------------------------------------
[INFO] Reactor Summary for Plexus Compiler 2.13.1-SNAPSHOT:
[INFO] 
[INFO] Plexus Compiler .................................... SUCCESS [  4.088 s]
[INFO] Plexus Compiler Api ................................ SUCCESS [ 15.029 s]
[INFO] Plexus Compiler Manager ............................ SUCCESS [  7.734 s]
[INFO] Plexus Compiler Test Harness ....................... SUCCESS [  3.696 s]
[INFO] Plexus Compilers ................................... SUCCESS [  0.445 s]
[INFO] Plexus AspectJ Compiler ............................ SUCCESS [ 17.759 s]
[INFO] Plexus C# Compiler ................................. SUCCESS [  4.264 s]
[INFO] Plexus Eclipse Compiler ............................ FAILURE [  1.009 s]
[INFO] Plexus Javac Component ............................. SKIPPED
[INFO] Plexus Javac+error-prone Component ................. SKIPPED
[INFO] Plexus J2ObjC Compiler ............................. SKIPPED
[INFO] Plexus Compiler It Tests ........................... SKIPPED
[INFO] ------------------------------------------------------------------------
[INFO] BUILD FAILURE
[INFO] ------------------------------------------------------------------------
[INFO] Total time:  55.495 s
[INFO] Finished at: 2025-10-01T08:59:32Z
[INFO] ------------------------------------------------------------------------
[WARNING] 
[WARNING] Plugin validation issues were detected in 3 plugin(s)
[WARNING] 
[WARNING]  * org.apache.maven.plugins:maven-site-plugin:3.12.0
[WARNING]  * org.apache.maven.plugins:maven-resources-plugin:3.2.0
[WARNING]  * org.codehaus.plexus:plexus-component-metadata:2.1.1
[WARNING] 
[WARNING] For more or less details, use 'maven.plugin.validation' property with one of the values (case insensitive): [BRIEF, DEFAULT, VERBOSE]
[WARNING] 
[ERROR] Failed to execute goal org.apache.maven.plugins:maven-enforcer-plugin:3.3.0:enforce (enforce-bytecode-version) on project plexus-compiler-eclipse: 
[ERROR] Rule 0: org.codehaus.mojo.extraenforcer.dependencies.EnforceBytecodeVersion failed with message:
[ERROR] Found Banned Dependency: org.eclipse.jdt:ecj:jar:3.34.0
[ERROR] Use 'mvn dependency:tree' to locate the source of the banned dependencies.
[ERROR] -> [Help 1]
[ERROR] 
[ERROR] To see the full stack trace of the errors, re-run Maven with the -e switch.
[ERROR] Re-run Maven using the -X switch to enable full debug logging.
[ERROR] 
[ERROR] For more information about the errors and possible solutions, please read the following articles:
[ERROR] [Help 1] http://cwiki.apache.org/confluence/display/MAVEN/MojoExecutionException
[ERROR] 
[ERROR] After correcting the problems, you can resume the build with the command
[ERROR]   mvn <args> -rf :plexus-compiler-eclipse
