[INFO] Scanning for projects...
[INFO] ------------------------------------------------------------------------
[INFO] Reactor Build Order:
[INFO] 
[INFO] messaging-services                                                 [pom]
[INFO] core                                                               [jar]
[INFO] messaging                                                          [jar]
[INFO] clearinghouse                                                      [jar]
[INFO] broker                                                             [jar]
[INFO] vocol                                                              [jar]
[INFO] paris                                                              [jar]
[INFO] appstore                                                           [jar]
[INFO] 
[INFO] ------------------< ids.messaging:messaging-services >------------------
[INFO] Building messaging-services 7.0.1                                  [1/8]
[INFO]   from pom.xml
[INFO] --------------------------------[ pom ]---------------------------------
[INFO] Downloading from eis-ids-public: https://maven.iais.fraunhofer.de/artifactory/eis-ids-public/de/fraunhofer/iais/eis/infomodel/util/4.2.7-SNAPSHOT/maven-metadata.xml
[INFO] Downloading from sovity-public: https://pkgs.dev.azure.com/sovity/5bec6cbd-c80a-47ac-86ce-1deb26cee853/_packaging/artifact/maven/v1/de/fraunhofer/iais/eis/infomodel/util/4.2.7-SNAPSHOT/maven-metadata.xml
[WARNING] Could not transfer metadata de.fraunhofer.iais.eis.infomodel:util:4.2.7-SNAPSHOT/maven-metadata.xml from/to eis-ids-public (https://maven.iais.fraunhofer.de/artifactory/eis-ids-public): maven.iais.fraunhofer.de: Name does not resolve
[WARNING] de.fraunhofer.iais.eis.infomodel:util:4.2.7-SNAPSHOT/maven-metadata.xml failed to transfer from https://maven.iais.fraunhofer.de/artifactory/eis-ids-public during a previous attempt. This failure was cached in the local repository and resolution will not be reattempted until the update interval of eis-ids-public has elapsed or updates are forced. Original error: Could not transfer metadata de.fraunhofer.iais.eis.infomodel:util:4.2.7-SNAPSHOT/maven-metadata.xml from/to eis-ids-public (https://maven.iais.fraunhofer.de/artifactory/eis-ids-public): maven.iais.fraunhofer.de: Name does not resolve
[INFO] 
[INFO] --- clean:3.2.0:clean (default-clean) @ messaging-services ---
[INFO] 
[INFO] --- flatten:1.3.0:clean (flatten.clean) @ messaging-services ---
[INFO] Deleting /IDS-Messaging-Services/.flattened-pom.xml
[INFO] 
[INFO] --- flatten:1.3.0:flatten (flatten) @ messaging-services ---
[INFO] Generating flattened POM of project ids.messaging:messaging-services:pom:7.0.1...
[INFO] 
[INFO] -------------------------< ids.messaging:core >-------------------------
[INFO] Building core 7.0.1                                                [2/8]
[INFO]   from core/pom.xml
[INFO] --------------------------------[ jar ]---------------------------------
[INFO] 
[INFO] --- clean:3.2.0:clean (default-clean) @ core ---
[INFO] Deleting /IDS-Messaging-Services/core/target
[INFO] 
[INFO] --- flatten:1.3.0:clean (flatten.clean) @ core ---
[INFO] Deleting /IDS-Messaging-Services/core/.flattened-pom.xml
[INFO] 
[INFO] --- resources:3.3.0:resources (default-resources) @ core ---
[INFO] skip non existing resourceDirectory /IDS-Messaging-Services/core/src/main/resources
[INFO] 
[INFO] --- flatten:1.3.0:flatten (flatten) @ core ---
[INFO] Generating flattened POM of project ids.messaging:core:jar:7.0.1...
[INFO] 
[INFO] --- compiler:3.10.1:compile (default-compile) @ core ---
[INFO] Changes detected - recompiling the module!
[INFO] Compiling 29 source files to /IDS-Messaging-Services/core/target/classes
[INFO] /IDS-Messaging-Services/core/src/main/java/ids/messaging/core/config/ConfigProducer.java: /IDS-Messaging-Services/core/src/main/java/ids/messaging/core/config/ConfigProducer.java uses or overrides a deprecated API.
[INFO] /IDS-Messaging-Services/core/src/main/java/ids/messaging/core/config/ConfigProducer.java: Recompile with -Xlint:deprecation for details.
[INFO] 
[INFO] --- resources:3.3.0:testResources (default-testResources) @ core ---
[INFO] Copying 4 resources
[INFO] 
[INFO] --- compiler:3.10.1:testCompile (default-testCompile) @ core ---
[INFO] Changes detected - recompiling the module!
[INFO] Compiling 6 source files to /IDS-Messaging-Services/core/target/test-classes
[INFO] /IDS-Messaging-Services/core/src/test/java/ids/messaging/core/config/PreConfigInterceptor.java: /IDS-Messaging-Services/core/src/test/java/ids/messaging/core/config/PreConfigInterceptor.java uses or overrides a deprecated API.
[INFO] /IDS-Messaging-Services/core/src/test/java/ids/messaging/core/config/PreConfigInterceptor.java: Recompile with -Xlint:deprecation for details.
[INFO] 
[INFO] --- surefire:2.22.2:test (default-test) @ core ---
[INFO] 
[INFO] -------------------------------------------------------
[INFO]  T E S T S
[INFO] -------------------------------------------------------
[INFO] Running ids.messaging.core.config.ConfigProducerTest
09:34:18.153 [main] DEBUG org.springframework.test.context.BootstrapUtils - Instantiating CacheAwareContextLoaderDelegate from class [org.springframework.test.context.cache.DefaultCacheAwareContextLoaderDelegate]
09:34:18.187 [main] DEBUG org.springframework.test.context.BootstrapUtils - Instantiating BootstrapContext using constructor [public org.springframework.test.context.support.DefaultBootstrapContext(java.lang.Class,org.springframework.test.context.CacheAwareContextLoaderDelegate)]
09:34:18.363 [main] DEBUG org.springframework.test.context.BootstrapUtils - Instantiating TestContextBootstrapper for test class [ids.messaging.core.config.ConfigProducerTest] from class [org.springframework.boot.test.context.SpringBootTestContextBootstrapper]
09:34:18.393 [main] INFO org.springframework.boot.test.context.SpringBootTestContextBootstrapper - Neither @ContextConfiguration nor @ContextHierarchy found for test class [ids.messaging.core.config.ConfigProducerTest], using SpringBootContextLoader
09:34:18.406 [main] DEBUG org.springframework.test.context.support.AbstractContextLoader - Did not detect default resource location for test class [ids.messaging.core.config.ConfigProducerTest]: class path resource [ids/messaging/core/config/ConfigProducerTest-context.xml] does not exist
09:34:18.407 [main] DEBUG org.springframework.test.context.support.AbstractContextLoader - Did not detect default resource location for test class [ids.messaging.core.config.ConfigProducerTest]: class path resource [ids/messaging/core/config/ConfigProducerTestContext.groovy] does not exist
09:34:18.409 [main] INFO org.springframework.test.context.support.AbstractContextLoader - Could not detect default resource locations for test class [ids.messaging.core.config.ConfigProducerTest]: no resource found for suffixes {-context.xml, Context.groovy}.
09:34:18.528 [main] DEBUG org.springframework.test.context.support.ActiveProfilesUtils - Could not find an 'annotation declaring class' for annotation type [org.springframework.test.context.ActiveProfiles] and class [ids.messaging.core.config.ConfigProducerTest]
09:34:19.033 [main] DEBUG org.springframework.boot.test.context.SpringBootTestContextBootstrapper - @TestExecutionListeners is not present for class [ids.messaging.core.config.ConfigProducerTest]: using defaults.
09:34:19.051 [main] INFO org.springframework.boot.test.context.SpringBootTestContextBootstrapper - Loaded default TestExecutionListener class names from location [META-INF/spring.factories]: [org.springframework.boot.test.mock.mockito.MockitoTestExecutionListener, org.springframework.boot.test.mock.mockito.ResetMocksTestExecutionListener, org.springframework.boot.test.autoconfigure.restdocs.RestDocsTestExecutionListener, org.springframework.boot.test.autoconfigure.web.client.MockRestServiceServerResetTestExecutionListener, org.springframework.boot.test.autoconfigure.web.servlet.MockMvcPrintOnlyOnFailureTestExecutionListener, org.springframework.boot.test.autoconfigure.web.servlet.WebDriverTestExecutionListener, org.springframework.boot.test.autoconfigure.webservices.client.MockWebServiceServerTestExecutionListener, org.springframework.test.context.web.ServletTestExecutionListener, org.springframework.test.context.support.DirtiesContextBeforeModesTestExecutionListener, org.springframework.test.context.event.ApplicationEventsTestExecutionListener, org.springframework.test.context.support.DependencyInjectionTestExecutionListener, org.springframework.test.context.support.DirtiesContextTestExecutionListener, org.springframework.test.context.transaction.TransactionalTestExecutionListener, org.springframework.test.context.jdbc.SqlScriptsTestExecutionListener, org.springframework.test.context.event.EventPublishingTestExecutionListener]
09:34:19.088 [main] DEBUG org.springframework.boot.test.context.SpringBootTestContextBootstrapper - Skipping candidate TestExecutionListener [org.springframework.test.context.web.ServletTestExecutionListener] due to a missing dependency. Specify custom listener classes or make the default listener classes and their required dependencies available. Offending class: [org/springframework/web/context/request/RequestAttributes]
09:34:19.092 [main] DEBUG org.springframework.boot.test.context.SpringBootTestContextBootstrapper - Skipping candidate TestExecutionListener [org.springframework.test.context.transaction.TransactionalTestExecutionListener] due to a missing dependency. Specify custom listener classes or make the default listener classes and their required dependencies available. Offending class: [org/springframework/transaction/TransactionDefinition]
09:34:19.100 [main] DEBUG org.springframework.boot.test.context.SpringBootTestContextBootstrapper - Skipping candidate TestExecutionListener [org.springframework.test.context.jdbc.SqlScriptsTestExecutionListener] due to a missing dependency. Specify custom listener classes or make the default listener classes and their required dependencies available. Offending class: [org/springframework/transaction/interceptor/TransactionAttribute]
09:34:19.103 [main] INFO org.springframework.boot.test.context.SpringBootTestContextBootstrapper - Using TestExecutionListeners: [org.springframework.test.context.support.DirtiesContextBeforeModesTestExecutionListener@40844aab, org.springframework.test.context.event.ApplicationEventsTestExecutionListener@1f6c9cd8, org.springframework.boot.test.mock.mockito.MockitoTestExecutionListener@5b619d14, org.springframework.boot.test.autoconfigure.SpringBootDependencyInjectionTestExecutionListener@66746f57, org.springframework.test.context.support.DirtiesContextTestExecutionListener@447a020, org.springframework.test.context.event.EventPublishingTestExecutionListener@7f36662c, org.springframework.boot.test.mock.mockito.ResetMocksTestExecutionListener@28e8dde3, org.springframework.boot.test.autoconfigure.restdocs.RestDocsTestExecutionListener@6d23017e, org.springframework.boot.test.autoconfigure.web.client.MockRestServiceServerResetTestExecutionListener@54dcfa5a, org.springframework.boot.test.autoconfigure.web.servlet.MockMvcPrintOnlyOnFailureTestExecutionListener@1817f1eb, org.springframework.boot.test.autoconfigure.web.servlet.WebDriverTestExecutionListener@767e20cf, org.springframework.boot.test.autoconfigure.webservices.client.MockWebServiceServerTestExecutionListener@3a3e78f]
09:34:19.112 [main] DEBUG org.springframework.test.context.support.AbstractDirtiesContextTestExecutionListener - Before test class: context [DefaultTestContext@1d730606 testClass = ConfigProducerTest, testInstance = [null], testMethod = [null], testException = [null], mergedContextConfiguration = [MergedContextConfiguration@3bcbb589 testClass = ConfigProducerTest, locations = '{}', classes = '{class ids.messaging.core.config.TestSpringApp}', contextInitializerClasses = '[]', activeProfiles = '{}', propertySourceLocations = '{classpath:application.properties}', propertySourceProperties = '{org.springframework.boot.test.context.SpringBootTestContextBootstrapper=true}', contextCustomizers = set[org.springframework.boot.test.context.filter.ExcludeFilterContextCustomizer@cd1e646, org.springframework.boot.test.json.DuplicateJsonObjectContextCustomizerFactory$DuplicateJsonObjectContextCustomizer@2bec854f, org.springframework.boot.test.mock.mockito.MockitoContextCustomizer@0, org.springframework.boot.test.web.client.TestRestTemplateContextCustomizer@23202fce, org.springframework.boot.test.autoconfigure.actuate.metrics.MetricsExportContextCustomizerFactory$DisableMetricExportContextCustomizer@4f4c4b1a, org.springframework.boot.test.autoconfigure.properties.PropertyMappingContextCustomizer@0, org.springframework.boot.test.autoconfigure.web.servlet.WebDriverContextCustomizerFactory$Customizer@6736fa8d, org.springframework.boot.test.context.SpringBootTestArgs@1, org.springframework.boot.test.context.SpringBootTestWebEnvironment@49b0b76], contextLoader = 'org.springframework.boot.test.context.SpringBootContextLoader', parent = [null]], attributes = map[[empty]]], class annotated with @DirtiesContext [false] with mode [null].
09:34:19.165 [main] DEBUG org.springframework.test.context.support.DependencyInjectionTestExecutionListener - Performing dependency injection for test context [[DefaultTestContext@1d730606 testClass = ConfigProducerTest, testInstance = ids.messaging.core.config.ConfigProducerTest@3300f4fd, testMethod = [null], testException = [null], mergedContextConfiguration = [MergedContextConfiguration@3bcbb589 testClass = ConfigProducerTest, locations = '{}', classes = '{class ids.messaging.core.config.TestSpringApp}', contextInitializerClasses = '[]', activeProfiles = '{}', propertySourceLocations = '{classpath:application.properties}', propertySourceProperties = '{org.springframework.boot.test.context.SpringBootTestContextBootstrapper=true}', contextCustomizers = set[org.springframework.boot.test.context.filter.ExcludeFilterContextCustomizer@cd1e646, org.springframework.boot.test.json.DuplicateJsonObjectContextCustomizerFactory$DuplicateJsonObjectContextCustomizer@2bec854f, org.springframework.boot.test.mock.mockito.MockitoContextCustomizer@0, org.springframework.boot.test.web.client.TestRestTemplateContextCustomizer@23202fce, org.springframework.boot.test.autoconfigure.actuate.metrics.MetricsExportContextCustomizerFactory$DisableMetricExportContextCustomizer@4f4c4b1a, org.springframework.boot.test.autoconfigure.properties.PropertyMappingContextCustomizer@0, org.springframework.boot.test.autoconfigure.web.servlet.WebDriverContextCustomizerFactory$Customizer@6736fa8d, org.springframework.boot.test.context.SpringBootTestArgs@1, org.springframework.boot.test.context.SpringBootTestWebEnvironment@49b0b76], contextLoader = 'org.springframework.boot.test.context.SpringBootContextLoader', parent = [null]], attributes = map['org.springframework.test.context.event.ApplicationEventsTestExecutionListener.recordApplicationEvents' -> false]]].

  .   ____          _            __ _ _
 /\\ / ___'_ __ _ _(_)_ __  __ _ \ \ \ \
( ( )\___ | '_ | '_| | '_ \/ _` | \ \ \ \
 \\/  ___)| |_)| | | | | || (_| |  ) ) ) )
  '  |____| .__|_| |_|_| |_\__, | / / / /
 =========|_|==============|___/=/_/_/_/
 :: Spring Boot ::                (v2.7.5)

2025-10-01 09:34:21.313  INFO 78 --- [           main] i.m.core.config.ConfigProducerTest       : Starting ConfigProducerTest using Java 11.0.19 on 86b688673415 with PID 78 (started by root in /IDS-Messaging-Services/core)
2025-10-01 09:34:21.345  INFO 78 --- [           main] i.m.core.config.ConfigProducerTest       : No active profile set, falling back to 1 default profile: "default"
2025-10-01 09:34:26.458  INFO 78 --- [           main] i.m.core.config.PreConfigInterceptor     : Intercepting loading of configuration! [code=(IMSCOI0055)]
2025-10-01 09:34:26.466  INFO 78 --- [           main] i.m.core.config.PreConfigInterceptor     : Loading config from classpath: configmodel.json [code=(IMSCOI0057)]
2025-10-01 09:34:26.608  INFO 78 --- [           main] i.m.core.config.PreConfigInterceptor     : Importing configuration from file. [code=(IMSCOI0056)]
2025-10-01 09:34:32.337  INFO 78 --- [           main] i.m.c.c.ssl.keystore.KeyStoreManager     : Successfully loaded Keystore. [code=(IMSCOI0049)]
2025-10-01 09:34:32.498  INFO 78 --- [           main] i.m.c.c.ssl.keystore.KeyStoreManager     : Successfully loaded Truststore. [code=(IMSCOI0049)]
2025-10-01 09:34:34.440  WARN 78 --- [           main] i.messaging.core.config.ClientProvider   : Trustmanager is trusting all Certificates in TEST_DEPLOYMENT mode, you should not use this in production! [code=(IMSCOW0032)]
2025-10-01 09:34:34.642  INFO 78 --- [           main] i.m.core.config.PostConfigInterceptor    : Modifying configuration using interceptor interface. [code=(IMSCOI0047)]
2025-10-01 09:34:35.783  INFO 78 --- [           main] i.m.core.config.ConfigProducerTest       : Started ConfigProducerTest in 16.546 seconds (JVM running for 20.951)
2025-10-01 09:34:39.034  WARN 78 --- [           main] i.m.c.d.aisec.AisecTokenManagerService   : Certificate expired! [code=(IMSCOI0153), date=(Mon Mar 11 09:22:23 GMT 2024)]
2025-10-01 09:34:42.789  WARN 78 --- [           main] i.m.c.d.aisec.AisecTokenManagerService   : TEST_DEPLOYMENT: IDS-Message is sent without a valid DAT, will not be sent in PRODUCTIVE_DEPLOYMENT. [code=(IMSCOW0041), reason=(Error connecting to DAPS (possibly currently not reachable or wrong DAPS-URL): Unexpected code Response{protocol=http/1.1, code=400, message=Bad Request, url=https://daps.aisec.fraunhofer.de/v2/token} Body: {"error":"invalid_client","error_description":"Error decoding JWT: Client does not exist"})]
2025-10-01 09:34:46.392  WARN 78 --- [           main] i.messaging.core.config.ClientProvider   : Proxy port invalid! Trying to skip using this proxy! Please check configuration! [code=(IMSCOW0031), port=(-1)]
2025-10-01 09:34:48.824  WARN 78 --- [           main] i.m.c.d.o.OrbiterTokenManagerService     : [code=(IMSCOW0028)] Failed to connect to orbiter-daps-staging.truzzt.org/157.97.109.217:443

java.net.ConnectException: Failed to connect to orbiter-daps-staging.truzzt.org/157.97.109.217:443
	at okhttp3.internal.connection.RealConnection.connectSocket(RealConnection.kt:297) ~[okhttp-4.10.0.jar:na]
	at okhttp3.internal.connection.RealConnection.connect(RealConnection.kt:207) ~[okhttp-4.10.0.jar:na]
	at okhttp3.internal.connection.ExchangeFinder.findConnection(ExchangeFinder.kt:226) ~[okhttp-4.10.0.jar:na]
	at okhttp3.internal.connection.ExchangeFinder.findHealthyConnection(ExchangeFinder.kt:106) ~[okhttp-4.10.0.jar:na]
	at okhttp3.internal.connection.ExchangeFinder.find(ExchangeFinder.kt:74) ~[okhttp-4.10.0.jar:na]
	at okhttp3.internal.connection.RealCall.initExchange$okhttp(RealCall.kt:255) ~[okhttp-4.10.0.jar:na]
	at okhttp3.internal.connection.ConnectInterceptor.intercept(ConnectInterceptor.kt:32) ~[okhttp-4.10.0.jar:na]
	at okhttp3.internal.http.RealInterceptorChain.proceed(RealInterceptorChain.kt:109) ~[okhttp-4.10.0.jar:na]
	at okhttp3.internal.cache.CacheInterceptor.intercept(CacheInterceptor.kt:95) ~[okhttp-4.10.0.jar:na]
	at okhttp3.internal.http.RealInterceptorChain.proceed(RealInterceptorChain.kt:109) ~[okhttp-4.10.0.jar:na]
	at okhttp3.internal.http.BridgeInterceptor.intercept(BridgeInterceptor.kt:83) ~[okhttp-4.10.0.jar:na]
	at okhttp3.internal.http.RealInterceptorChain.proceed(RealInterceptorChain.kt:109) ~[okhttp-4.10.0.jar:na]
	at okhttp3.internal.http.RetryAndFollowUpInterceptor.intercept(RetryAndFollowUpInterceptor.kt:76) ~[okhttp-4.10.0.jar:na]
	at okhttp3.internal.http.RealInterceptorChain.proceed(RealInterceptorChain.kt:109) ~[okhttp-4.10.0.jar:na]
	at ids.messaging.core.config.ClientProvider$EncodingInterceptor.intercept(ClientProvider.java:490) ~[classes/:na]
	at okhttp3.internal.http.RealInterceptorChain.proceed(RealInterceptorChain.kt:109) ~[okhttp-4.10.0.jar:na]
	at okhttp3.internal.connection.RealCall.getResponseWithInterceptorChain$okhttp(RealCall.kt:201) ~[okhttp-4.10.0.jar:na]
	at okhttp3.internal.connection.RealCall.execute(RealCall.kt:154) ~[okhttp-4.10.0.jar:na]
	at ids.messaging.core.daps.orbiter.OrbiterTokenManagerService.sendCertificateRequest(OrbiterTokenManagerService.java:175) ~[classes/:na]
	at ids.messaging.core.daps.orbiter.OrbiterTokenManagerService.createClient(OrbiterTokenManagerService.java:135) ~[classes/:na]
	at ids.messaging.core.daps.orbiter.OrbiterTokenManagerService.acquireToken(OrbiterTokenManagerService.java:279) ~[classes/:na]
	at ids.messaging.core.config.ConfigProducerTest.lambda$testProvider$1(ConfigProducerTest.java:88) ~[test-classes/:na]
	at org.junit.jupiter.api.AssertThrows.assertThrows(AssertThrows.java:53) ~[junit-jupiter-api-5.9.1.jar:5.9.1]
	at org.junit.jupiter.api.AssertThrows.assertThrows(AssertThrows.java:35) ~[junit-jupiter-api-5.9.1.jar:5.9.1]
	at org.junit.jupiter.api.Assertions.assertThrows(Assertions.java:3083) ~[junit-jupiter-api-5.9.1.jar:5.9.1]
	at ids.messaging.core.config.ConfigProducerTest.testProvider(ConfigProducerTest.java:88) ~[test-classes/:na]
	at java.base/jdk.internal.reflect.NativeMethodAccessorImpl.invoke0(Native Method) ~[na:na]
	at java.base/jdk.internal.reflect.NativeMethodAccessorImpl.invoke(NativeMethodAccessorImpl.java:62) ~[na:na]
	at java.base/jdk.internal.reflect.DelegatingMethodAccessorImpl.invoke(DelegatingMethodAccessorImpl.java:43) ~[na:na]
	at java.base/java.lang.reflect.Method.invoke(Method.java:566) ~[na:na]
	at org.junit.platform.commons.util.ReflectionUtils.invokeMethod(ReflectionUtils.java:727) ~[junit-platform-commons-1.9.1.jar:1.9.1]
	at org.junit.jupiter.engine.execution.MethodInvocation.proceed(MethodInvocation.java:60) ~[junit-jupiter-engine-5.9.1.jar:5.9.1]
	at org.junit.jupiter.engine.execution.InvocationInterceptorChain$ValidatingInvocation.proceed(InvocationInterceptorChain.java:131) ~[junit-jupiter-engine-5.9.1.jar:5.9.1]
	at org.junit.jupiter.engine.extension.TimeoutExtension.intercept(TimeoutExtension.java:156) ~[junit-jupiter-engine-5.9.1.jar:5.9.1]
	at org.junit.jupiter.engine.extension.TimeoutExtension.interceptTestableMethod(TimeoutExtension.java:147) ~[junit-jupiter-engine-5.9.1.jar:5.9.1]
	at org.junit.jupiter.engine.extension.TimeoutExtension.interceptTestMethod(TimeoutExtension.java:86) ~[junit-jupiter-engine-5.9.1.jar:5.9.1]
	at org.junit.jupiter.engine.execution.InterceptingExecutableInvoker$ReflectiveInterceptorCall.lambda$ofVoidMethod$0(InterceptingExecutableInvoker.java:103) ~[junit-jupiter-engine-5.9.1.jar:5.9.1]
	at org.junit.jupiter.engine.execution.InterceptingExecutableInvoker.lambda$invoke$0(InterceptingExecutableInvoker.java:93) ~[junit-jupiter-engine-5.9.1.jar:5.9.1]
	at org.junit.jupiter.engine.execution.InvocationInterceptorChain$InterceptedInvocation.proceed(InvocationInterceptorChain.java:106) ~[junit-jupiter-engine-5.9.1.jar:5.9.1]
	at org.junit.jupiter.engine.execution.InvocationInterceptorChain.proceed(InvocationInterceptorChain.java:64) ~[junit-jupiter-engine-5.9.1.jar:5.9.1]
	at org.junit.jupiter.engine.execution.InvocationInterceptorChain.chainAndInvoke(InvocationInterceptorChain.java:45) ~[junit-jupiter-engine-5.9.1.jar:5.9.1]
	at org.junit.jupiter.engine.execution.InvocationInterceptorChain.invoke(InvocationInterceptorChain.java:37) ~[junit-jupiter-engine-5.9.1.jar:5.9.1]
	at org.junit.jupiter.engine.execution.InterceptingExecutableInvoker.invoke(InterceptingExecutableInvoker.java:92) ~[junit-jupiter-engine-5.9.1.jar:5.9.1]
	at org.junit.jupiter.engine.execution.InterceptingExecutableInvoker.invoke(InterceptingExecutableInvoker.java:86) ~[junit-jupiter-engine-5.9.1.jar:5.9.1]
	at org.junit.jupiter.engine.descriptor.TestMethodTestDescriptor.lambda$invokeTestMethod$7(TestMethodTestDescriptor.java:217) ~[junit-jupiter-engine-5.9.1.jar:5.9.1]
	at org.junit.platform.engine.support.hierarchical.ThrowableCollector.execute(ThrowableCollector.java:73) ~[junit-platform-engine-1.9.1.jar:1.9.1]
	at org.junit.jupiter.engine.descriptor.TestMethodTestDescriptor.invokeTestMethod(TestMethodTestDescriptor.java:213) ~[junit-jupiter-engine-5.9.1.jar:5.9.1]
	at org.junit.jupiter.engine.descriptor.TestMethodTestDescriptor.execute(TestMethodTestDescriptor.java:138) ~[junit-jupiter-engine-5.9.1.jar:5.9.1]
	at org.junit.jupiter.engine.descriptor.TestMethodTestDescriptor.execute(TestMethodTestDescriptor.java:68) ~[junit-jupiter-engine-5.9.1.jar:5.9.1]
	at org.junit.platform.engine.support.hierarchical.NodeTestTask.lambda$executeRecursively$6(NodeTestTask.java:151) ~[junit-platform-engine-1.9.1.jar:1.9.1]
	at org.junit.platform.engine.support.hierarchical.ThrowableCollector.execute(ThrowableCollector.java:73) ~[junit-platform-engine-1.9.1.jar:1.9.1]
	at org.junit.platform.engine.support.hierarchical.NodeTestTask.lambda$executeRecursively$8(NodeTestTask.java:141) ~[junit-platform-engine-1.9.1.jar:1.9.1]
	at org.junit.platform.engine.support.hierarchical.Node.around(Node.java:137) ~[junit-platform-engine-1.9.1.jar:1.9.1]
	at org.junit.platform.engine.support.hierarchical.NodeTestTask.lambda$executeRecursively$9(NodeTestTask.java:139) ~[junit-platform-engine-1.9.1.jar:1.9.1]
	at org.junit.platform.engine.support.hierarchical.ThrowableCollector.execute(ThrowableCollector.java:73) ~[junit-platform-engine-1.9.1.jar:1.9.1]
	at org.junit.platform.engine.support.hierarchical.NodeTestTask.executeRecursively(NodeTestTask.java:138) ~[junit-platform-engine-1.9.1.jar:1.9.1]
	at org.junit.platform.engine.support.hierarchical.NodeTestTask.execute(NodeTestTask.java:95) ~[junit-platform-engine-1.9.1.jar:1.9.1]
	at java.base/java.util.ArrayList.forEach(ArrayList.java:1541) ~[na:na]
	at org.junit.platform.engine.support.hierarchical.SameThreadHierarchicalTestExecutorService.invokeAll(SameThreadHierarchicalTestExecutorService.java:41) ~[junit-platform-engine-1.9.1.jar:1.9.1]
	at org.junit.platform.engine.support.hierarchical.NodeTestTask.lambda$executeRecursively$6(NodeTestTask.java:155) ~[junit-platform-engine-1.9.1.jar:1.9.1]
	at org.junit.platform.engine.support.hierarchical.ThrowableCollector.execute(ThrowableCollector.java:73) ~[junit-platform-engine-1.9.1.jar:1.9.1]
	at org.junit.platform.engine.support.hierarchical.NodeTestTask.lambda$executeRecursively$8(NodeTestTask.java:141) ~[junit-platform-engine-1.9.1.jar:1.9.1]
	at org.junit.platform.engine.support.hierarchical.Node.around(Node.java:137) ~[junit-platform-engine-1.9.1.jar:1.9.1]
	at org.junit.platform.engine.support.hierarchical.NodeTestTask.lambda$executeRecursively$9(NodeTestTask.java:139) ~[junit-platform-engine-1.9.1.jar:1.9.1]
	at org.junit.platform.engine.support.hierarchical.ThrowableCollector.execute(ThrowableCollector.java:73) ~[junit-platform-engine-1.9.1.jar:1.9.1]
	at org.junit.platform.engine.support.hierarchical.NodeTestTask.executeRecursively(NodeTestTask.java:138) ~[junit-platform-engine-1.9.1.jar:1.9.1]
	at org.junit.platform.engine.support.hierarchical.NodeTestTask.execute(NodeTestTask.java:95) ~[junit-platform-engine-1.9.1.jar:1.9.1]
	at java.base/java.util.ArrayList.forEach(ArrayList.java:1541) ~[na:na]
	at org.junit.platform.engine.support.hierarchical.SameThreadHierarchicalTestExecutorService.invokeAll(SameThreadHierarchicalTestExecutorService.java:41) ~[junit-platform-engine-1.9.1.jar:1.9.1]
	at org.junit.platform.engine.support.hierarchical.NodeTestTask.lambda$executeRecursively$6(NodeTestTask.java:155) ~[junit-platform-engine-1.9.1.jar:1.9.1]
	at org.junit.platform.engine.support.hierarchical.ThrowableCollector.execute(ThrowableCollector.java:73) ~[junit-platform-engine-1.9.1.jar:1.9.1]
	at org.junit.platform.engine.support.hierarchical.NodeTestTask.lambda$executeRecursively$8(NodeTestTask.java:141) ~[junit-platform-engine-1.9.1.jar:1.9.1]
	at org.junit.platform.engine.support.hierarchical.Node.around(Node.java:137) ~[junit-platform-engine-1.9.1.jar:1.9.1]
	at org.junit.platform.engine.support.hierarchical.NodeTestTask.lambda$executeRecursively$9(NodeTestTask.java:139) ~[junit-platform-engine-1.9.1.jar:1.9.1]
	at org.junit.platform.engine.support.hierarchical.ThrowableCollector.execute(ThrowableCollector.java:73) ~[junit-platform-engine-1.9.1.jar:1.9.1]
	at org.junit.platform.engine.support.hierarchical.NodeTestTask.executeRecursively(NodeTestTask.java:138) ~[junit-platform-engine-1.9.1.jar:1.9.1]
	at org.junit.platform.engine.support.hierarchical.NodeTestTask.execute(NodeTestTask.java:95) ~[junit-platform-engine-1.9.1.jar:1.9.1]
	at org.junit.platform.engine.support.hierarchical.SameThreadHierarchicalTestExecutorService.submit(SameThreadHierarchicalTestExecutorService.java:35) ~[junit-platform-engine-1.9.1.jar:1.9.1]
	at org.junit.platform.engine.support.hierarchical.HierarchicalTestExecutor.execute(HierarchicalTestExecutor.java:57) ~[junit-platform-engine-1.9.1.jar:1.9.1]
	at org.junit.platform.engine.support.hierarchical.HierarchicalTestEngine.execute(HierarchicalTestEngine.java:54) ~[junit-platform-engine-1.9.1.jar:1.9.1]
	at org.junit.platform.launcher.core.DefaultLauncher.execute(DefaultLauncher.java:220) ~[junit-platform-launcher-1.3.1.jar:1.3.1]
	at org.junit.platform.launcher.core.DefaultLauncher.lambda$execute$6(DefaultLauncher.java:188) ~[junit-platform-launcher-1.3.1.jar:1.3.1]
	at org.junit.platform.launcher.core.DefaultLauncher.withInterceptedStreams(DefaultLauncher.java:202) ~[junit-platform-launcher-1.3.1.jar:1.3.1]
	at org.junit.platform.launcher.core.DefaultLauncher.execute(DefaultLauncher.java:181) ~[junit-platform-launcher-1.3.1.jar:1.3.1]
	at org.junit.platform.launcher.core.DefaultLauncher.execute(DefaultLauncher.java:128) ~[junit-platform-launcher-1.3.1.jar:1.3.1]
	at org.apache.maven.surefire.junitplatform.JUnitPlatformProvider.invokeAllTests(JUnitPlatformProvider.java:150) ~[surefire-junit-platform-2.22.2.jar:2.22.2]
	at org.apache.maven.surefire.junitplatform.JUnitPlatformProvider.invoke(JUnitPlatformProvider.java:124) ~[surefire-junit-platform-2.22.2.jar:2.22.2]
	at org.apache.maven.surefire.booter.ForkedBooter.invokeProviderInSameClassLoader(ForkedBooter.java:384) ~[surefire-booter-2.22.2.jar:2.22.2]
	at org.apache.maven.surefire.booter.ForkedBooter.runSuitesInProcess(ForkedBooter.java:345) ~[surefire-booter-2.22.2.jar:2.22.2]
	at org.apache.maven.surefire.booter.ForkedBooter.execute(ForkedBooter.java:126) ~[surefire-booter-2.22.2.jar:2.22.2]
	at org.apache.maven.surefire.booter.ForkedBooter.main(ForkedBooter.java:418) ~[surefire-booter-2.22.2.jar:2.22.2]
Caused by: java.net.ConnectException: Connection refused (Connection refused)
	at java.base/java.net.PlainSocketImpl.socketConnect(Native Method) ~[na:na]
	at java.base/java.net.AbstractPlainSocketImpl.doConnect(AbstractPlainSocketImpl.java:412) ~[na:na]
	at java.base/java.net.AbstractPlainSocketImpl.connectToAddress(AbstractPlainSocketImpl.java:255) ~[na:na]
	at java.base/java.net.AbstractPlainSocketImpl.connect(AbstractPlainSocketImpl.java:237) ~[na:na]
	at java.base/java.net.SocksSocketImpl.connect(SocksSocketImpl.java:392) ~[na:na]
	at java.base/java.net.Socket.connect(Socket.java:609) ~[na:na]
	at okhttp3.internal.platform.Platform.connectSocket(Platform.kt:128) ~[okhttp-4.10.0.jar:na]
	at okhttp3.internal.connection.RealConnection.connectSocket(RealConnection.kt:295) ~[okhttp-4.10.0.jar:na]
	... 90 common frames omitted

2025-10-01 09:34:48.894  INFO 78 --- [           main] i.m.c.c.ssl.keystore.KeyStoreManager     : Successfully loaded Keystore. [code=(IMSCOI0049)]
2025-10-01 09:34:48.909  INFO 78 --- [           main] i.m.c.c.ssl.keystore.KeyStoreManager     : Successfully loaded Truststore. [code=(IMSCOI0049)]
2025-10-01 09:34:48.936  WARN 78 --- [           main] i.messaging.core.config.ClientProvider   : Trustmanager is trusting all Certificates in TEST_DEPLOYMENT mode, you should not use this in production! [code=(IMSCOW0032)]
[INFO] Tests run: 3, Failures: 0, Errors: 0, Skipped: 0, Time elapsed: 31.061 s - in ids.messaging.core.config.ConfigProducerTest
[INFO] Running ids.messaging.core.daps.DapsValidatorTest
2025-10-01 09:34:49.024  INFO 78 --- [           main] o.s.t.c.s.DefaultTestContextBootstrapper : Loaded default TestExecutionListener class names from location [META-INF/spring.factories]: [org.springframework.boot.test.mock.mockito.MockitoTestExecutionListener, org.springframework.boot.test.mock.mockito.ResetMocksTestExecutionListener, org.springframework.boot.test.autoconfigure.restdocs.RestDocsTestExecutionListener, org.springframework.boot.test.autoconfigure.web.client.MockRestServiceServerResetTestExecutionListener, org.springframework.boot.test.autoconfigure.web.servlet.MockMvcPrintOnlyOnFailureTestExecutionListener, org.springframework.boot.test.autoconfigure.web.servlet.WebDriverTestExecutionListener, org.springframework.boot.test.autoconfigure.webservices.client.MockWebServiceServerTestExecutionListener, org.springframework.test.context.web.ServletTestExecutionListener, org.springframework.test.context.support.DirtiesContextBeforeModesTestExecutionListener, org.springframework.test.context.event.ApplicationEventsTestExecutionListener, org.springframework.test.context.support.DependencyInjectionTestExecutionListener, org.springframework.test.context.support.DirtiesContextTestExecutionListener, org.springframework.test.context.transaction.TransactionalTestExecutionListener, org.springframework.test.context.jdbc.SqlScriptsTestExecutionListener, org.springframework.test.context.event.EventPublishingTestExecutionListener]
2025-10-01 09:34:49.026  INFO 78 --- [           main] o.s.t.c.s.DefaultTestContextBootstrapper : Using TestExecutionListeners: [org.springframework.test.context.support.DirtiesContextBeforeModesTestExecutionListener@1d5bb5c, org.springframework.test.context.event.ApplicationEventsTestExecutionListener@7846913f, org.springframework.boot.test.mock.mockito.MockitoTestExecutionListener@48da64f2, org.springframework.test.context.support.DependencyInjectionTestExecutionListener@60b553f, org.springframework.test.context.support.DirtiesContextTestExecutionListener@2aa811f9, org.springframework.test.context.event.EventPublishingTestExecutionListener@66abb2fa, org.springframework.boot.test.mock.mockito.ResetMocksTestExecutionListener@7d4da729, org.springframework.boot.test.autoconfigure.restdocs.RestDocsTestExecutionListener@2133b712, org.springframework.boot.test.autoconfigure.web.client.MockRestServiceServerResetTestExecutionListener@4b7e4d14, org.springframework.boot.test.autoconfigure.web.servlet.MockMvcPrintOnlyOnFailureTestExecutionListener@70f91ae3, org.springframework.boot.test.autoconfigure.web.servlet.WebDriverTestExecutionListener@601d9f3a, org.springframework.boot.test.autoconfigure.webservices.client.MockWebServiceServerTestExecutionListener@5c2a3f0c]
2025-10-01 09:34:51.221  INFO 78 --- [           main] ids.messaging.core.daps.DapsVerifier     : Successfully verified DAT claims. [code=(IMSCOI0050)]
2025-10-01 09:34:51.242  INFO 78 --- [           main] ids.messaging.core.daps.DapsVerifier     : Successfully verified DAT claims. [code=(IMSCOI0050)]
2025-10-01 09:34:51.276  WARN 78 --- [           main] ids.messaging.core.daps.DapsValidator    : SecurityProfile could not be successfully verified! [message=(Security profile violation. Registered security profile at DAPS is: idsc:BASE_CONNECTOR_SECURITY_PROFILE, but the given security profile is: idsc:TRUSTED_CONNECTOR_SECURITY_PROFILE), code=(IMSCOW0033)]
2025-10-01 09:34:51.292  WARN 78 --- [           main] ids.messaging.core.daps.DapsValidator    : SecurityProfile could not be successfully verified! [message=(Security profile violation. Registered security profile at DAPS is: idsc:BASE_CONNECTOR_SECURITY_PROFILE, but the given security profile is: aiosdhiuaghduiwh), code=(IMSCOW0033)]
2025-10-01 09:34:51.479  WARN 78 --- [           main] ids.messaging.core.daps.DapsValidator    : SecurityProfile could not be successfully verified! [message=(Security profile violation. Registered security profile at DAPS is: sjondfasdhfiou, but the given security profile is: idsc:TRUSTED_CONNECTOR_SECURITY_PROFILE), code=(IMSCOW0033)]
2025-10-01 09:34:51.534  WARN 78 --- [           main] ids.messaging.core.daps.DapsValidator    : SecurityProfile could not be successfully verified! [message=(Security profile violation. No security profile given in DAT!), code=(IMSCOW0033)]
2025-10-01 09:34:51.684  INFO 78 --- [           main] ids.messaging.core.daps.DapsVerifier     : Successfully verified DAT claims. [code=(IMSCOI0050)]
[INFO] Tests run: 2, Failures: 0, Errors: 0, Skipped: 0, Time elapsed: 2.656 s - in ids.messaging.core.daps.DapsValidatorTest
[INFO] Running ids.messaging.core.daps.DapsVerifierTest
2025-10-01 09:34:51.800  WARN 78 --- [           main] ids.messaging.core.daps.DapsVerifier     : Could not verify DAT Claims! [code=(IMSCOW0036)]
2025-10-01 09:34:51.807  INFO 78 --- [           main] ids.messaging.core.daps.DapsVerifier     : Successfully verified DAT claims. [code=(IMSCOI0050)]
2025-10-01 09:34:51.815  INFO 78 --- [           main] ids.messaging.core.daps.DapsVerifier     : Successfully verified DAT claims. [code=(IMSCOI0050)]
2025-10-01 09:34:51.816  INFO 78 --- [           main] ids.messaging.core.daps.DapsVerifier     : Successfully verified DAT claims. [code=(IMSCOI0050)]
2025-10-01 09:34:51.817  WARN 78 --- [           main] ids.messaging.core.daps.DapsVerifier     : Custom DAT validation rule failed! [code=(IMSCOW0035), message=(This rule sometimes fails!)]
2025-10-01 09:34:51.817  WARN 78 --- [           main] ids.messaging.core.daps.DapsVerifier     : Custom DAT validation rule failed! [code=(IMSCOW0035), message=(This rule sometimes fails!)]
[INFO] Tests run: 1, Failures: 0, Errors: 0, Skipped: 0, Time elapsed: 0.06 s - in ids.messaging.core.daps.DapsVerifierTest
[INFO] 
[INFO] Results:
[INFO] 
[INFO] Tests run: 6, Failures: 0, Errors: 0, Skipped: 0
[INFO] 
[INFO] 
[INFO] ----------------------< ids.messaging:messaging >-----------------------
[INFO] Building messaging 7.0.1                                           [3/8]
[INFO]   from messaging/pom.xml
[INFO] --------------------------------[ jar ]---------------------------------
[INFO] 
[INFO] --- clean:3.2.0:clean (default-clean) @ messaging ---
[INFO] Deleting /IDS-Messaging-Services/messaging/target
[INFO] 
[INFO] --- flatten:1.3.0:clean (flatten.clean) @ messaging ---
[INFO] Deleting /IDS-Messaging-Services/messaging/.flattened-pom.xml
[INFO] 
[INFO] --- resources:3.3.0:resources (default-resources) @ messaging ---
[INFO] skip non existing resourceDirectory /IDS-Messaging-Services/messaging/src/main/resources
[INFO] 
[INFO] --- flatten:1.3.0:flatten (flatten) @ messaging ---
[INFO] Generating flattened POM of project ids.messaging:messaging:jar:7.0.1...
[INFO] 
[INFO] --- compiler:3.10.1:compile (default-compile) @ messaging ---
[INFO] Changes detected - recompiling the module!
[INFO] Compiling 103 source files to /IDS-Messaging-Services/messaging/target/classes
[INFO] -------------------------------------------------------------
[ERROR] COMPILATION ERROR : 
[INFO] -------------------------------------------------------------
[ERROR] /IDS-Messaging-Services/messaging/src/main/java/ids/messaging/protocol/MessageService.java:[38,52] cannot access org.springframework.beans.factory.annotation.Autowired
  bad class file: /root/.m2/repository/org/springframework/spring-beans/6.0.8/spring-beans-6.0.8.jar(/org/springframework/beans/factory/annotation/Autowired.class)
    class file has wrong version 61.0, should be 55.0
    Please remove or make sure it appears in the correct subdirectory of the classpath.
[ERROR] /IDS-Messaging-Services/messaging/src/main/java/ids/messaging/protocol/http/IdsHttpService.java:[57,52] cannot access org.springframework.beans.factory.annotation.Value
  bad class file: /root/.m2/repository/org/springframework/spring-beans/6.0.8/spring-beans-6.0.8.jar(/org/springframework/beans/factory/annotation/Value.class)
    class file has wrong version 61.0, should be 55.0
    Please remove or make sure it appears in the correct subdirectory of the classpath.
[ERROR] /IDS-Messaging-Services/messaging/src/main/java/ids/messaging/endpoint/EndpointService.java:[26,32] cannot access org.springframework.http.MediaType
  bad class file: /root/.m2/repository/org/springframework/spring-web/6.0.8/spring-web-6.0.8.jar(/org/springframework/http/MediaType.class)
    class file has wrong version 61.0, should be 55.0
    Please remove or make sure it appears in the correct subdirectory of the classpath.
[ERROR] /IDS-Messaging-Services/messaging/src/main/java/ids/messaging/endpoint/EndpointService.java:[28,47] cannot access org.springframework.web.bind.annotation.RequestMethod
  bad class file: /root/.m2/repository/org/springframework/spring-web/6.0.8/spring-web-6.0.8.jar(/org/springframework/web/bind/annotation/RequestMethod.class)
    class file has wrong version 61.0, should be 55.0
    Please remove or make sure it appears in the correct subdirectory of the classpath.
[ERROR] /IDS-Messaging-Services/messaging/src/main/java/ids/messaging/endpoint/MessageController.java:[50,32] cannot access org.springframework.http.HttpStatus
  bad class file: /root/.m2/repository/org/springframework/spring-web/6.0.8/spring-web-6.0.8.jar(/org/springframework/http/HttpStatus.class)
    class file has wrong version 61.0, should be 55.0
    Please remove or make sure it appears in the correct subdirectory of the classpath.
[ERROR] /IDS-Messaging-Services/messaging/src/main/java/ids/messaging/endpoint/MessageController.java:[52,32] cannot access org.springframework.http.ResponseEntity
  bad class file: /root/.m2/repository/org/springframework/spring-web/6.0.8/spring-web-6.0.8.jar(/org/springframework/http/ResponseEntity.class)
    class file has wrong version 61.0, should be 55.0
    Please remove or make sure it appears in the correct subdirectory of the classpath.
[ERROR] /IDS-Messaging-Services/messaging/src/main/java/ids/messaging/response/Base64EncodedFileBodyResponse.java:[35,32] cannot access org.springframework.http.HttpEntity
  bad class file: /root/.m2/repository/org/springframework/spring-web/6.0.8/spring-web-6.0.8.jar(/org/springframework/http/HttpEntity.class)
    class file has wrong version 61.0, should be 55.0
    Please remove or make sure it appears in the correct subdirectory of the classpath.
[ERROR] /IDS-Messaging-Services/messaging/src/main/java/ids/messaging/response/Base64EncodedFileBodyResponse.java:[36,32] cannot access org.springframework.http.HttpHeaders
  bad class file: /root/.m2/repository/org/springframework/spring-web/6.0.8/spring-web-6.0.8.jar(/org/springframework/http/HttpHeaders.class)
    class file has wrong version 61.0, should be 55.0
    Please remove or make sure it appears in the correct subdirectory of the classpath.
[ERROR] /IDS-Messaging-Services/messaging/src/main/java/ids/messaging/endpoint/MessageController.java:[120,12] cannot find symbol
  symbol:   class ResponseEntity
  location: class ids.messaging.endpoint.MessageController
[ERROR] /IDS-Messaging-Services/messaging/src/main/java/ids/messaging/response/Base64EncodedFileBodyResponse.java:[54,19] cannot find symbol
  symbol:   class HttpEntity
  location: class ids.messaging.response.Base64EncodedFileBodyResponse<T>
[ERROR] /IDS-Messaging-Services/messaging/src/main/java/ids/messaging/response/Base64EncodedFileBodyResponse.java:[66,81] cannot find symbol
  symbol:   class MediaType
  location: class ids.messaging.response.Base64EncodedFileBodyResponse<T>
[ERROR] /IDS-Messaging-Services/messaging/src/main/java/ids/messaging/response/Base64EncodedFileBodyResponse.java:[95,52] cannot find symbol
  symbol:   class MediaType
  location: class ids.messaging.response.Base64EncodedFileBodyResponse<T>
[ERROR] /IDS-Messaging-Services/messaging/src/main/java/ids/messaging/response/Base64EncodedFileBodyResponse.java:[54,38] cannot find symbol
  symbol:   class HttpEntity
  location: class ids.messaging.response.Base64EncodedFileBodyResponse<T>
[ERROR] /IDS-Messaging-Services/messaging/src/main/java/ids/messaging/protocol/MessageService.java:[75,6] cannot find symbol
  symbol:   class Autowired
  location: class ids.messaging.protocol.MessageService
[ERROR] /IDS-Messaging-Services/messaging/src/main/java/ids/messaging/protocol/http/IdsHttpService.java:[96,6] cannot find symbol
  symbol:   class Value
  location: class ids.messaging.protocol.http.IdsHttpService
[ERROR] /IDS-Messaging-Services/messaging/src/main/java/ids/messaging/protocol/http/IdsHttpService.java:[102,6] cannot find symbol
  symbol:   class Value
  location: class ids.messaging.protocol.http.IdsHttpService
[ERROR] /IDS-Messaging-Services/messaging/src/main/java/ids/messaging/protocol/http/IdsHttpService.java:[108,6] cannot find symbol
  symbol:   class Value
  location: class ids.messaging.protocol.http.IdsHttpService
[ERROR] /IDS-Messaging-Services/messaging/src/main/java/ids/messaging/dispatcher/MessageDispatcher.java:[59,6] cannot find symbol
  symbol:   class Value
  location: class ids.messaging.dispatcher.MessageDispatcher
[ERROR] /IDS-Messaging-Services/messaging/src/main/java/ids/messaging/endpoint/EndpointService.java:[55,6] cannot find symbol
  symbol:   class Autowired
  location: class ids.messaging.endpoint.EndpointService
[ERROR] /IDS-Messaging-Services/messaging/src/main/java/ids/messaging/endpoint/MessageController.java:[82,6] cannot find symbol
  symbol:   class Value
  location: class ids.messaging.endpoint.MessageController
[ERROR] /IDS-Messaging-Services/messaging/src/main/java/ids/messaging/endpoint/MessageController.java:[88,6] cannot find symbol
  symbol:   class Value
  location: class ids.messaging.endpoint.MessageController
[ERROR] /IDS-Messaging-Services/messaging/src/main/java/ids/messaging/endpoint/MessageController.java:[94,6] cannot find symbol
  symbol:   class Value
  location: class ids.messaging.endpoint.MessageController
[ERROR] /IDS-Messaging-Services/messaging/src/main/java/ids/messaging/endpoint/MessageController.java:[103,6] cannot find symbol
  symbol:   class Autowired
  location: class ids.messaging.endpoint.MessageController
[ERROR] /IDS-Messaging-Services/messaging/src/main/java/ids/messaging/handler/request/RequestMessageHandlerService.java:[51,6] cannot find symbol
  symbol:   class Autowired
  location: class ids.messaging.handler.request.RequestMessageHandlerService
[INFO] 24 errors 
[INFO] -------------------------------------------------------------
[INFO] ------------------------------------------------------------------------
[INFO] Reactor Summary for messaging-services 7.0.1:
[INFO] 
[INFO] messaging-services ................................. SUCCESS [ 13.319 s]
[INFO] core ............................................... SUCCESS [01:00 min]
[INFO] messaging .......................................... FAILURE [  7.254 s]
[INFO] clearinghouse ...................................... SKIPPED
[INFO] broker ............................................. SKIPPED
[INFO] vocol .............................................. SKIPPED
[INFO] paris .............................................. SKIPPED
[INFO] appstore ........................................... SKIPPED
[INFO] ------------------------------------------------------------------------
[INFO] BUILD FAILURE
[INFO] ------------------------------------------------------------------------
[INFO] Total time:  01:21 min
[INFO] Finished at: 2025-10-01T09:34:59Z
[INFO] ------------------------------------------------------------------------
[WARNING] 
[WARNING] Plugin validation issues were detected in 4 plugin(s)
[WARNING] 
[WARNING]  * org.apache.maven.plugins:maven-compiler-plugin:3.10.1
[WARNING]  * org.apache.maven.plugins:maven-surefire-plugin:2.22.2
[WARNING]  * org.codehaus.mojo:flatten-maven-plugin:1.3.0
[WARNING]  * org.apache.maven.plugins:maven-resources-plugin:3.3.0
[WARNING] 
[WARNING] For more or less details, use 'maven.plugin.validation' property with one of the values (case insensitive): [BRIEF, DEFAULT, VERBOSE]
[WARNING] 
[ERROR] Failed to execute goal org.apache.maven.plugins:maven-compiler-plugin:3.10.1:compile (default-compile) on project messaging: Compilation failure: Compilation failure: 
[ERROR] /IDS-Messaging-Services/messaging/src/main/java/ids/messaging/protocol/MessageService.java:[38,52] cannot access org.springframework.beans.factory.annotation.Autowired
[ERROR]   bad class file: /root/.m2/repository/org/springframework/spring-beans/6.0.8/spring-beans-6.0.8.jar(/org/springframework/beans/factory/annotation/Autowired.class)
[ERROR]     class file has wrong version 61.0, should be 55.0
[ERROR]     Please remove or make sure it appears in the correct subdirectory of the classpath.
[ERROR] /IDS-Messaging-Services/messaging/src/main/java/ids/messaging/protocol/http/IdsHttpService.java:[57,52] cannot access org.springframework.beans.factory.annotation.Value
[ERROR]   bad class file: /root/.m2/repository/org/springframework/spring-beans/6.0.8/spring-beans-6.0.8.jar(/org/springframework/beans/factory/annotation/Value.class)
[ERROR]     class file has wrong version 61.0, should be 55.0
[ERROR]     Please remove or make sure it appears in the correct subdirectory of the classpath.
[ERROR] /IDS-Messaging-Services/messaging/src/main/java/ids/messaging/endpoint/EndpointService.java:[26,32] cannot access org.springframework.http.MediaType
[ERROR]   bad class file: /root/.m2/repository/org/springframework/spring-web/6.0.8/spring-web-6.0.8.jar(/org/springframework/http/MediaType.class)
[ERROR]     class file has wrong version 61.0, should be 55.0
[ERROR]     Please remove or make sure it appears in the correct subdirectory of the classpath.
[ERROR] /IDS-Messaging-Services/messaging/src/main/java/ids/messaging/endpoint/EndpointService.java:[28,47] cannot access org.springframework.web.bind.annotation.RequestMethod
[ERROR]   bad class file: /root/.m2/repository/org/springframework/spring-web/6.0.8/spring-web-6.0.8.jar(/org/springframework/web/bind/annotation/RequestMethod.class)
[ERROR]     class file has wrong version 61.0, should be 55.0
[ERROR]     Please remove or make sure it appears in the correct subdirectory of the classpath.
[ERROR] /IDS-Messaging-Services/messaging/src/main/java/ids/messaging/endpoint/MessageController.java:[50,32] cannot access org.springframework.http.HttpStatus
[ERROR]   bad class file: /root/.m2/repository/org/springframework/spring-web/6.0.8/spring-web-6.0.8.jar(/org/springframework/http/HttpStatus.class)
[ERROR]     class file has wrong version 61.0, should be 55.0
[ERROR]     Please remove or make sure it appears in the correct subdirectory of the classpath.
[ERROR] /IDS-Messaging-Services/messaging/src/main/java/ids/messaging/endpoint/MessageController.java:[52,32] cannot access org.springframework.http.ResponseEntity
[ERROR]   bad class file: /root/.m2/repository/org/springframework/spring-web/6.0.8/spring-web-6.0.8.jar(/org/springframework/http/ResponseEntity.class)
[ERROR]     class file has wrong version 61.0, should be 55.0
[ERROR]     Please remove or make sure it appears in the correct subdirectory of the classpath.
[ERROR] /IDS-Messaging-Services/messaging/src/main/java/ids/messaging/response/Base64EncodedFileBodyResponse.java:[35,32] cannot access org.springframework.http.HttpEntity
[ERROR]   bad class file: /root/.m2/repository/org/springframework/spring-web/6.0.8/spring-web-6.0.8.jar(/org/springframework/http/HttpEntity.class)
[ERROR]     class file has wrong version 61.0, should be 55.0
[ERROR]     Please remove or make sure it appears in the correct subdirectory of the classpath.
[ERROR] /IDS-Messaging-Services/messaging/src/main/java/ids/messaging/response/Base64EncodedFileBodyResponse.java:[36,32] cannot access org.springframework.http.HttpHeaders
[ERROR]   bad class file: /root/.m2/repository/org/springframework/spring-web/6.0.8/spring-web-6.0.8.jar(/org/springframework/http/HttpHeaders.class)
[ERROR]     class file has wrong version 61.0, should be 55.0
[ERROR]     Please remove or make sure it appears in the correct subdirectory of the classpath.
[ERROR] /IDS-Messaging-Services/messaging/src/main/java/ids/messaging/endpoint/MessageController.java:[120,12] cannot find symbol
[ERROR]   symbol:   class ResponseEntity
[ERROR]   location: class ids.messaging.endpoint.MessageController
[ERROR] /IDS-Messaging-Services/messaging/src/main/java/ids/messaging/response/Base64EncodedFileBodyResponse.java:[54,19] cannot find symbol
[ERROR]   symbol:   class HttpEntity
[ERROR]   location: class ids.messaging.response.Base64EncodedFileBodyResponse<T>
[ERROR] /IDS-Messaging-Services/messaging/src/main/java/ids/messaging/response/Base64EncodedFileBodyResponse.java:[66,81] cannot find symbol
[ERROR]   symbol:   class MediaType
[ERROR]   location: class ids.messaging.response.Base64EncodedFileBodyResponse<T>
[ERROR] /IDS-Messaging-Services/messaging/src/main/java/ids/messaging/response/Base64EncodedFileBodyResponse.java:[95,52] cannot find symbol
[ERROR]   symbol:   class MediaType
[ERROR]   location: class ids.messaging.response.Base64EncodedFileBodyResponse<T>
[ERROR] /IDS-Messaging-Services/messaging/src/main/java/ids/messaging/response/Base64EncodedFileBodyResponse.java:[54,38] cannot find symbol
[ERROR]   symbol:   class HttpEntity
[ERROR]   location: class ids.messaging.response.Base64EncodedFileBodyResponse<T>
[ERROR] /IDS-Messaging-Services/messaging/src/main/java/ids/messaging/protocol/MessageService.java:[75,6] cannot find symbol
[ERROR]   symbol:   class Autowired
[ERROR]   location: class ids.messaging.protocol.MessageService
[ERROR] /IDS-Messaging-Services/messaging/src/main/java/ids/messaging/protocol/http/IdsHttpService.java:[96,6] cannot find symbol
[ERROR]   symbol:   class Value
[ERROR]   location: class ids.messaging.protocol.http.IdsHttpService
[ERROR] /IDS-Messaging-Services/messaging/src/main/java/ids/messaging/protocol/http/IdsHttpService.java:[102,6] cannot find symbol
[ERROR]   symbol:   class Value
[ERROR]   location: class ids.messaging.protocol.http.IdsHttpService
[ERROR] /IDS-Messaging-Services/messaging/src/main/java/ids/messaging/protocol/http/IdsHttpService.java:[108,6] cannot find symbol
[ERROR]   symbol:   class Value
[ERROR]   location: class ids.messaging.protocol.http.IdsHttpService
[ERROR] /IDS-Messaging-Services/messaging/src/main/java/ids/messaging/dispatcher/MessageDispatcher.java:[59,6] cannot find symbol
[ERROR]   symbol:   class Value
[ERROR]   location: class ids.messaging.dispatcher.MessageDispatcher
[ERROR] /IDS-Messaging-Services/messaging/src/main/java/ids/messaging/endpoint/EndpointService.java:[55,6] cannot find symbol
[ERROR]   symbol:   class Autowired
[ERROR]   location: class ids.messaging.endpoint.EndpointService
[ERROR] /IDS-Messaging-Services/messaging/src/main/java/ids/messaging/endpoint/MessageController.java:[82,6] cannot find symbol
[ERROR]   symbol:   class Value
[ERROR]   location: class ids.messaging.endpoint.MessageController
[ERROR] /IDS-Messaging-Services/messaging/src/main/java/ids/messaging/endpoint/MessageController.java:[88,6] cannot find symbol
[ERROR]   symbol:   class Value
[ERROR]   location: class ids.messaging.endpoint.MessageController
[ERROR] /IDS-Messaging-Services/messaging/src/main/java/ids/messaging/endpoint/MessageController.java:[94,6] cannot find symbol
[ERROR]   symbol:   class Value
[ERROR]   location: class ids.messaging.endpoint.MessageController
[ERROR] /IDS-Messaging-Services/messaging/src/main/java/ids/messaging/endpoint/MessageController.java:[103,6] cannot find symbol
[ERROR]   symbol:   class Autowired
[ERROR]   location: class ids.messaging.endpoint.MessageController
[ERROR] /IDS-Messaging-Services/messaging/src/main/java/ids/messaging/handler/request/RequestMessageHandlerService.java:[51,6] cannot find symbol
[ERROR]   symbol:   class Autowired
[ERROR]   location: class ids.messaging.handler.request.RequestMessageHandlerService
[ERROR] -> [Help 1]
[ERROR] 
[ERROR] To see the full stack trace of the errors, re-run Maven with the -e switch.
[ERROR] Re-run Maven using the -X switch to enable full debug logging.
[ERROR] 
[ERROR] For more information about the errors and possible solutions, please read the following articles:
[ERROR] [Help 1] http://cwiki.apache.org/confluence/display/MAVEN/MojoFailureException
[ERROR] 
[ERROR] After correcting the problems, you can resume the build with the command
[ERROR]   mvn <args> -rf :messaging
