[INFO] Scanning for projects...
[INFO] ------------------------------------------------------------------------
[INFO] Reactor Build Order:
[INFO] 
[INFO] messaging-services                                                 [pom]
[INFO] core                                                               [jar]
[INFO] messaging                                                          [jar]
[INFO] clearinghouse                                                      [jar]
[INFO] broker                                                             [jar]
[INFO] vocol                                                              [jar]
[INFO] paris                                                              [jar]
[INFO] appstore                                                           [jar]
[INFO] 
[INFO] -----------< de.fraunhofer.ids.messaging:messaging-services >-----------
[INFO] Building messaging-services 6.1.1                                  [1/8]
[INFO]   from pom.xml
[INFO] --------------------------------[ pom ]---------------------------------
[INFO] Downloading from eis-ids-public: https://maven.iais.fraunhofer.de/artifactory/eis-ids-public/de/fraunhofer/iais/eis/infomodel/util/4.2.7-SNAPSHOT/maven-metadata.xml
[WARNING] Could not transfer metadata de.fraunhofer.iais.eis.infomodel:util:4.2.7-SNAPSHOT/maven-metadata.xml from/to eis-ids-public (https://maven.iais.fraunhofer.de/artifactory/eis-ids-public): maven.iais.fraunhofer.de: Name does not resolve
[WARNING] Could not transfer metadata de.fraunhofer.iais.eis.infomodel:util:4.2.7-SNAPSHOT/maven-metadata.xml from/to maven-default-http-blocker (http://0.0.0.0/): Blocked mirror for repositories: [eis-public-repo (http://maven.iais.fraunhofer.de/artifactory/eis-ids-public, default, releases+snapshots)]
[WARNING] de.fraunhofer.iais.eis.infomodel:util:4.2.7-SNAPSHOT/maven-metadata.xml failed to transfer from https://maven.iais.fraunhofer.de/artifactory/eis-ids-public during a previous attempt. This failure was cached in the local repository and resolution will not be reattempted until the update interval of eis-ids-public has elapsed or updates are forced. Original error: Could not transfer metadata de.fraunhofer.iais.eis.infomodel:util:4.2.7-SNAPSHOT/maven-metadata.xml from/to eis-ids-public (https://maven.iais.fraunhofer.de/artifactory/eis-ids-public): maven.iais.fraunhofer.de: Name does not resolve
[WARNING] de.fraunhofer.iais.eis.infomodel:util:4.2.7-SNAPSHOT/maven-metadata.xml failed to transfer from http://0.0.0.0/ during a previous attempt. This failure was cached in the local repository and resolution will not be reattempted until the update interval of maven-default-http-blocker has elapsed or updates are forced. Original error: Could not transfer metadata de.fraunhofer.iais.eis.infomodel:util:4.2.7-SNAPSHOT/maven-metadata.xml from/to maven-default-http-blocker (http://0.0.0.0/): Blocked mirror for repositories: [eis-public-repo (http://maven.iais.fraunhofer.de/artifactory/eis-ids-public, default, releases+snapshots)]
[INFO] 
[INFO] --- clean:3.2.0:clean (default-clean) @ messaging-services ---
[INFO] 
[INFO] --- flatten:1.2.7:clean (flatten.clean) @ messaging-services ---
[INFO] Deleting /IDS-Messaging-Services/.flattened-pom.xml
[INFO] 
[INFO] --- flatten:1.2.7:flatten (flatten) @ messaging-services ---
[INFO] Generating flattened POM of project de.fraunhofer.ids.messaging:messaging-services:pom:6.1.1...
[INFO] 
[INFO] ------------------< de.fraunhofer.ids.messaging:core >------------------
[INFO] Building core 6.1.1                                                [2/8]
[INFO]   from core/pom.xml
[INFO] --------------------------------[ jar ]---------------------------------
[INFO] 
[INFO] --- clean:3.2.0:clean (default-clean) @ core ---
[INFO] Deleting /IDS-Messaging-Services/core/target
[INFO] 
[INFO] --- flatten:1.2.7:clean (flatten.clean) @ core ---
[INFO] Deleting /IDS-Messaging-Services/core/.flattened-pom.xml
[INFO] 
[INFO] --- resources:3.3.0:resources (default-resources) @ core ---
[INFO] skip non existing resourceDirectory /IDS-Messaging-Services/core/src/main/resources
[INFO] 
[INFO] --- flatten:1.2.7:flatten (flatten) @ core ---
[INFO] Generating flattened POM of project de.fraunhofer.ids.messaging:core:jar:6.1.1...
[INFO] 
[INFO] --- compiler:3.10.1:compile (default-compile) @ core ---
[INFO] Changes detected - recompiling the module!
[INFO] Compiling 29 source files to /IDS-Messaging-Services/core/target/classes
[INFO] /IDS-Messaging-Services/core/src/main/java/de/fraunhofer/ids/messaging/core/config/ConfigProducer.java: /IDS-Messaging-Services/core/src/main/java/de/fraunhofer/ids/messaging/core/config/ConfigProducer.java uses or overrides a deprecated API.
[INFO] /IDS-Messaging-Services/core/src/main/java/de/fraunhofer/ids/messaging/core/config/ConfigProducer.java: Recompile with -Xlint:deprecation for details.
[INFO] 
[INFO] --- resources:3.3.0:testResources (default-testResources) @ core ---
[INFO] Copying 4 resources
[INFO] 
[INFO] --- compiler:3.10.1:testCompile (default-testCompile) @ core ---
[INFO] Changes detected - recompiling the module!
[INFO] Compiling 6 source files to /IDS-Messaging-Services/core/target/test-classes
[INFO] /IDS-Messaging-Services/core/src/test/java/de/fraunhofer/ids/messaging/core/config/PreConfigInterceptor.java: /IDS-Messaging-Services/core/src/test/java/de/fraunhofer/ids/messaging/core/config/PreConfigInterceptor.java uses or overrides a deprecated API.
[INFO] /IDS-Messaging-Services/core/src/test/java/de/fraunhofer/ids/messaging/core/config/PreConfigInterceptor.java: Recompile with -Xlint:deprecation for details.
[INFO] 
[INFO] --- surefire:2.19.1:test (default-test) @ core ---

-------------------------------------------------------
 T E S T S
-------------------------------------------------------
Running de.fraunhofer.ids.messaging.core.config.ConfigProducerTest
15:54:41.098 [main] DEBUG org.springframework.test.context.BootstrapUtils - Instantiating CacheAwareContextLoaderDelegate from class [org.springframework.test.context.cache.DefaultCacheAwareContextLoaderDelegate]
15:54:41.129 [main] DEBUG org.springframework.test.context.BootstrapUtils - Instantiating BootstrapContext using constructor [public org.springframework.test.context.support.DefaultBootstrapContext(java.lang.Class,org.springframework.test.context.CacheAwareContextLoaderDelegate)]
15:54:41.227 [main] DEBUG org.springframework.test.context.BootstrapUtils - Instantiating TestContextBootstrapper for test class [de.fraunhofer.ids.messaging.core.config.ConfigProducerTest] from class [org.springframework.boot.test.context.SpringBootTestContextBootstrapper]
15:54:41.262 [main] INFO org.springframework.boot.test.context.SpringBootTestContextBootstrapper - Neither @ContextConfiguration nor @ContextHierarchy found for test class [de.fraunhofer.ids.messaging.core.config.ConfigProducerTest], using SpringBootContextLoader
15:54:41.270 [main] DEBUG org.springframework.test.context.support.AbstractContextLoader - Did not detect default resource location for test class [de.fraunhofer.ids.messaging.core.config.ConfigProducerTest]: class path resource [de/fraunhofer/ids/messaging/core/config/ConfigProducerTest-context.xml] does not exist
15:54:41.272 [main] DEBUG org.springframework.test.context.support.AbstractContextLoader - Did not detect default resource location for test class [de.fraunhofer.ids.messaging.core.config.ConfigProducerTest]: class path resource [de/fraunhofer/ids/messaging/core/config/ConfigProducerTestContext.groovy] does not exist
15:54:41.272 [main] INFO org.springframework.test.context.support.AbstractContextLoader - Could not detect default resource locations for test class [de.fraunhofer.ids.messaging.core.config.ConfigProducerTest]: no resource found for suffixes {-context.xml, Context.groovy}.
15:54:41.364 [main] DEBUG org.springframework.test.context.support.ActiveProfilesUtils - Could not find an 'annotation declaring class' for annotation type [org.springframework.test.context.ActiveProfiles] and class [de.fraunhofer.ids.messaging.core.config.ConfigProducerTest]
15:54:41.677 [main] DEBUG org.springframework.boot.test.context.SpringBootTestContextBootstrapper - @TestExecutionListeners is not present for class [de.fraunhofer.ids.messaging.core.config.ConfigProducerTest]: using defaults.
15:54:41.677 [main] INFO org.springframework.boot.test.context.SpringBootTestContextBootstrapper - Loaded default TestExecutionListener class names from location [META-INF/spring.factories]: [org.springframework.boot.test.mock.mockito.MockitoTestExecutionListener, org.springframework.boot.test.mock.mockito.ResetMocksTestExecutionListener, org.springframework.boot.test.autoconfigure.restdocs.RestDocsTestExecutionListener, org.springframework.boot.test.autoconfigure.web.client.MockRestServiceServerResetTestExecutionListener, org.springframework.boot.test.autoconfigure.web.servlet.MockMvcPrintOnlyOnFailureTestExecutionListener, org.springframework.boot.test.autoconfigure.web.servlet.WebDriverTestExecutionListener, org.springframework.boot.test.autoconfigure.webservices.client.MockWebServiceServerTestExecutionListener, org.springframework.test.context.web.ServletTestExecutionListener, org.springframework.test.context.support.DirtiesContextBeforeModesTestExecutionListener, org.springframework.test.context.event.ApplicationEventsTestExecutionListener, org.springframework.test.context.support.DependencyInjectionTestExecutionListener, org.springframework.test.context.support.DirtiesContextTestExecutionListener, org.springframework.test.context.transaction.TransactionalTestExecutionListener, org.springframework.test.context.jdbc.SqlScriptsTestExecutionListener, org.springframework.test.context.event.EventPublishingTestExecutionListener]
15:54:41.698 [main] DEBUG org.springframework.boot.test.context.SpringBootTestContextBootstrapper - Skipping candidate TestExecutionListener [org.springframework.test.context.web.ServletTestExecutionListener] due to a missing dependency. Specify custom listener classes or make the default listener classes and their required dependencies available. Offending class: [org/springframework/web/context/request/RequestAttributes]
15:54:41.708 [main] DEBUG org.springframework.boot.test.context.SpringBootTestContextBootstrapper - Skipping candidate TestExecutionListener [org.springframework.test.context.transaction.TransactionalTestExecutionListener] due to a missing dependency. Specify custom listener classes or make the default listener classes and their required dependencies available. Offending class: [org/springframework/transaction/TransactionDefinition]
15:54:41.709 [main] DEBUG org.springframework.boot.test.context.SpringBootTestContextBootstrapper - Skipping candidate TestExecutionListener [org.springframework.test.context.jdbc.SqlScriptsTestExecutionListener] due to a missing dependency. Specify custom listener classes or make the default listener classes and their required dependencies available. Offending class: [org/springframework/transaction/interceptor/TransactionAttribute]
15:54:41.709 [main] INFO org.springframework.boot.test.context.SpringBootTestContextBootstrapper - Using TestExecutionListeners: [org.springframework.test.context.support.DirtiesContextBeforeModesTestExecutionListener@75cd8043, org.springframework.test.context.event.ApplicationEventsTestExecutionListener@33b1c5c5, org.springframework.boot.test.mock.mockito.MockitoTestExecutionListener@5b202a3a, org.springframework.boot.test.autoconfigure.SpringBootDependencyInjectionTestExecutionListener@10b9db7b, org.springframework.test.context.support.DirtiesContextTestExecutionListener@9ef8eb7, org.springframework.test.context.event.EventPublishingTestExecutionListener@34cdeda2, org.springframework.boot.test.mock.mockito.ResetMocksTestExecutionListener@6ee660fb, org.springframework.boot.test.autoconfigure.restdocs.RestDocsTestExecutionListener@305a0c5f, org.springframework.boot.test.autoconfigure.web.client.MockRestServiceServerResetTestExecutionListener@4535b6d5, org.springframework.boot.test.autoconfigure.web.servlet.MockMvcPrintOnlyOnFailureTestExecutionListener@1ecee32c, org.springframework.boot.test.autoconfigure.web.servlet.WebDriverTestExecutionListener@4372b9b6, org.springframework.boot.test.autoconfigure.webservices.client.MockWebServiceServerTestExecutionListener@232a7d73]
15:54:41.714 [main] DEBUG org.springframework.test.context.support.AbstractDirtiesContextTestExecutionListener - Before test class: context [DefaultTestContext@373ebf74 testClass = ConfigProducerTest, testInstance = [null], testMethod = [null], testException = [null], mergedContextConfiguration = [MergedContextConfiguration@5f9678e1 testClass = ConfigProducerTest, locations = '{}', classes = '{class de.fraunhofer.ids.messaging.core.config.TestSpringApp}', contextInitializerClasses = '[]', activeProfiles = '{}', propertySourceLocations = '{classpath:application.properties}', propertySourceProperties = '{org.springframework.boot.test.context.SpringBootTestContextBootstrapper=true}', contextCustomizers = set[org.springframework.boot.test.context.filter.ExcludeFilterContextCustomizer@4bc222e, org.springframework.boot.test.json.DuplicateJsonObjectContextCustomizerFactory$DuplicateJsonObjectContextCustomizer@3b5fad2d, org.springframework.boot.test.mock.mockito.MockitoContextCustomizer@0, org.springframework.boot.test.web.client.TestRestTemplateContextCustomizer@6950ed69, org.springframework.boot.test.autoconfigure.actuate.metrics.MetricsExportContextCustomizerFactory$DisableMetricExportContextCustomizer@72ef8d15, org.springframework.boot.test.autoconfigure.properties.PropertyMappingContextCustomizer@0, org.springframework.boot.test.autoconfigure.web.servlet.WebDriverContextCustomizerFactory$Customizer@4e928fbf, org.springframework.boot.test.context.SpringBootTestArgs@1, org.springframework.boot.test.context.SpringBootTestWebEnvironment@4df50bcc], contextLoader = 'org.springframework.boot.test.context.SpringBootContextLoader', parent = [null]], attributes = map[[empty]]], class annotated with @DirtiesContext [false] with mode [null].
15:54:41.746 [main] DEBUG org.springframework.test.context.support.DependencyInjectionTestExecutionListener - Performing dependency injection for test context [[DefaultTestContext@373ebf74 testClass = ConfigProducerTest, testInstance = de.fraunhofer.ids.messaging.core.config.ConfigProducerTest@4b45dcb8, testMethod = [null], testException = [null], mergedContextConfiguration = [MergedContextConfiguration@5f9678e1 testClass = ConfigProducerTest, locations = '{}', classes = '{class de.fraunhofer.ids.messaging.core.config.TestSpringApp}', contextInitializerClasses = '[]', activeProfiles = '{}', propertySourceLocations = '{classpath:application.properties}', propertySourceProperties = '{org.springframework.boot.test.context.SpringBootTestContextBootstrapper=true}', contextCustomizers = set[org.springframework.boot.test.context.filter.ExcludeFilterContextCustomizer@4bc222e, org.springframework.boot.test.json.DuplicateJsonObjectContextCustomizerFactory$DuplicateJsonObjectContextCustomizer@3b5fad2d, org.springframework.boot.test.mock.mockito.MockitoContextCustomizer@0, org.springframework.boot.test.web.client.TestRestTemplateContextCustomizer@6950ed69, org.springframework.boot.test.autoconfigure.actuate.metrics.MetricsExportContextCustomizerFactory$DisableMetricExportContextCustomizer@72ef8d15, org.springframework.boot.test.autoconfigure.properties.PropertyMappingContextCustomizer@0, org.springframework.boot.test.autoconfigure.web.servlet.WebDriverContextCustomizerFactory$Customizer@4e928fbf, org.springframework.boot.test.context.SpringBootTestArgs@1, org.springframework.boot.test.context.SpringBootTestWebEnvironment@4df50bcc], contextLoader = 'org.springframework.boot.test.context.SpringBootContextLoader', parent = [null]], attributes = map['org.springframework.test.context.event.ApplicationEventsTestExecutionListener.recordApplicationEvents' -> false]]].

  .   ____          _            __ _ _
 /\\ / ___'_ __ _ _(_)_ __  __ _ \ \ \ \
( ( )\___ | '_ | '_| | '_ \/ _` | \ \ \ \
 \\/  ___)| |_)| | | | | || (_| |  ) ) ) )
  '  |____| .__|_| |_|_| |_\__, | / / / /
 =========|_|==============|___/=/_/_/_/
 :: Spring Boot ::                (v2.6.4)

2025-10-01 15:54:42.568  INFO 73 --- [           main] d.f.i.m.core.config.ConfigProducerTest   : Starting ConfigProducerTest using Java 11.0.19 on 4dc1294c07a9 with PID 73 (started by root in /IDS-Messaging-Services/core)
2025-10-01 15:54:42.570  INFO 73 --- [           main] d.f.i.m.core.config.ConfigProducerTest   : No active profile set, falling back to 1 default profile: "default"
2025-10-01 15:54:43.979  INFO 73 --- [           main] d.f.i.m.c.config.PreConfigInterceptor    : Intercepting loading of configuration!
2025-10-01 15:54:43.979  INFO 73 --- [           main] d.f.i.m.c.config.PreConfigInterceptor    : Loading config from classpath: configmodel.json
2025-10-01 15:54:43.998  INFO 73 --- [           main] d.f.i.m.c.config.PreConfigInterceptor    : Importing configuration from file.
2025-10-01 15:54:45.676  INFO 73 --- [           main] d.f.i.m.c.c.s.keystore.KeyStoreManager   : Successfully loaded Keystore.
2025-10-01 15:54:45.697  INFO 73 --- [           main] d.f.i.m.c.c.s.keystore.KeyStoreManager   : Successfully loaded Truststore.
2025-10-01 15:54:46.443  WARN 73 --- [           main] d.f.i.m.core.config.ClientProvider       : Trustmanager is trusting all Certificates in TEST_DEPLOYMENT mode, you should not use this in production! [code=(IMSCOW0032)]
2025-10-01 15:54:46.513  INFO 73 --- [           main] d.f.i.m.c.config.PostConfigInterceptor   : Modifying configuration using interceptor interface.
2025-10-01 15:54:46.820  INFO 73 --- [           main] d.f.i.m.core.config.ConfigProducerTest   : Started ConfigProducerTest in 5.018 seconds (JVM running for 7.412)
2025-10-01 15:54:49.380  WARN 73 --- [           main] d.f.i.m.c.d.a.AisecTokenManagerService   : TEST_DEPLOYMENT: IDS-Message is sent without a valid DAT, will not be sent in PRODUCTIVE_DEPLOYMENT. [code=(IMSCOW0041), reason=(Error connecting to DAPS (possibly currently not reachable or wrong DAPS-URL): Unexpected code Response{protocol=http/1.1, code=400, message=Bad Request, url=https://daps.aisec.fraunhofer.de/v2/token} Body: {"error":"invalid_client","error_description":"Error decoding JWT: Client does not exist"})]
2025-10-01 15:54:50.000  WARN 73 --- [           main] d.f.i.m.core.config.ClientProvider       : Proxy port invalid! Trying to skip using this proxy! Please check configuration! [code=(IMSCOW0031), port=(-1)]
2025-10-01 15:54:52.332  WARN 73 --- [           main] d.f.i.m.c.d.o.OrbiterTokenManagerService : [code=(IMSCOW0028)] Failed to connect to orbiter-daps-staging.truzzt.org/157.97.109.217:443

java.net.ConnectException: Failed to connect to orbiter-daps-staging.truzzt.org/157.97.109.217:443
	at okhttp3.internal.connection.RealConnection.connectSocket(RealConnection.kt:297) ~[okhttp-4.9.3.jar:na]
	at okhttp3.internal.connection.RealConnection.connect(RealConnection.kt:207) ~[okhttp-4.9.3.jar:na]
	at okhttp3.internal.connection.ExchangeFinder.findConnection(ExchangeFinder.kt:226) ~[okhttp-4.9.3.jar:na]
	at okhttp3.internal.connection.ExchangeFinder.findHealthyConnection(ExchangeFinder.kt:106) ~[okhttp-4.9.3.jar:na]
	at okhttp3.internal.connection.ExchangeFinder.find(ExchangeFinder.kt:74) ~[okhttp-4.9.3.jar:na]
	at okhttp3.internal.connection.RealCall.initExchange$okhttp(RealCall.kt:255) ~[okhttp-4.9.3.jar:na]
	at okhttp3.internal.connection.ConnectInterceptor.intercept(ConnectInterceptor.kt:32) ~[okhttp-4.9.3.jar:na]
	at okhttp3.internal.http.RealInterceptorChain.proceed(RealInterceptorChain.kt:109) ~[okhttp-4.9.3.jar:na]
	at okhttp3.internal.cache.CacheInterceptor.intercept(CacheInterceptor.kt:95) ~[okhttp-4.9.3.jar:na]
	at okhttp3.internal.http.RealInterceptorChain.proceed(RealInterceptorChain.kt:109) ~[okhttp-4.9.3.jar:na]
	at okhttp3.internal.http.BridgeInterceptor.intercept(BridgeInterceptor.kt:83) ~[okhttp-4.9.3.jar:na]
	at okhttp3.internal.http.RealInterceptorChain.proceed(RealInterceptorChain.kt:109) ~[okhttp-4.9.3.jar:na]
	at okhttp3.internal.http.RetryAndFollowUpInterceptor.intercept(RetryAndFollowUpInterceptor.kt:76) ~[okhttp-4.9.3.jar:na]
	at okhttp3.internal.http.RealInterceptorChain.proceed(RealInterceptorChain.kt:109) ~[okhttp-4.9.3.jar:na]
	at de.fraunhofer.ids.messaging.core.config.ClientProvider$EncodingInterceptor.intercept(ClientProvider.java:484) ~[classes/:na]
	at okhttp3.internal.http.RealInterceptorChain.proceed(RealInterceptorChain.kt:109) ~[okhttp-4.9.3.jar:na]
	at okhttp3.internal.connection.RealCall.getResponseWithInterceptorChain$okhttp(RealCall.kt:201) ~[okhttp-4.9.3.jar:na]
	at okhttp3.internal.connection.RealCall.execute(RealCall.kt:154) ~[okhttp-4.9.3.jar:na]
	at de.fraunhofer.ids.messaging.core.daps.orbiter.OrbiterTokenManagerService.sendCertificateRequest(OrbiterTokenManagerService.java:169) ~[classes/:na]
	at de.fraunhofer.ids.messaging.core.daps.orbiter.OrbiterTokenManagerService.createClient(OrbiterTokenManagerService.java:129) ~[classes/:na]
	at de.fraunhofer.ids.messaging.core.daps.orbiter.OrbiterTokenManagerService.acquireToken(OrbiterTokenManagerService.java:273) ~[classes/:na]
	at de.fraunhofer.ids.messaging.core.config.ConfigProducerTest.lambda$testProvider$1(ConfigProducerTest.java:82) ~[test-classes/:na]
	at org.junit.jupiter.api.AssertThrows.assertThrows(AssertThrows.java:55) ~[junit-jupiter-api-5.8.2.jar:5.8.2]
	at org.junit.jupiter.api.AssertThrows.assertThrows(AssertThrows.java:37) ~[junit-jupiter-api-5.8.2.jar:5.8.2]
	at org.junit.jupiter.api.Assertions.assertThrows(Assertions.java:3082) ~[junit-jupiter-api-5.8.2.jar:5.8.2]
	at de.fraunhofer.ids.messaging.core.config.ConfigProducerTest.testProvider(ConfigProducerTest.java:82) ~[test-classes/:na]
	at java.base/jdk.internal.reflect.NativeMethodAccessorImpl.invoke0(Native Method) ~[na:na]
	at java.base/jdk.internal.reflect.NativeMethodAccessorImpl.invoke(NativeMethodAccessorImpl.java:62) ~[na:na]
	at java.base/jdk.internal.reflect.DelegatingMethodAccessorImpl.invoke(DelegatingMethodAccessorImpl.java:43) ~[na:na]
	at java.base/java.lang.reflect.Method.invoke(Method.java:566) ~[na:na]
	at org.junit.platform.commons.util.ReflectionUtils.invokeMethod(ReflectionUtils.java:725) ~[junit-platform-commons-1.8.2.jar:1.8.2]
	at org.junit.jupiter.engine.execution.MethodInvocation.proceed(MethodInvocation.java:60) ~[junit-jupiter-engine-5.8.2.jar:5.8.2]
	at org.junit.jupiter.engine.execution.InvocationInterceptorChain$ValidatingInvocation.proceed(InvocationInterceptorChain.java:131) ~[junit-jupiter-engine-5.8.2.jar:5.8.2]
	at org.junit.jupiter.engine.extension.TimeoutExtension.intercept(TimeoutExtension.java:149) ~[junit-jupiter-engine-5.8.2.jar:5.8.2]
	at org.junit.jupiter.engine.extension.TimeoutExtension.interceptTestableMethod(TimeoutExtension.java:140) ~[junit-jupiter-engine-5.8.2.jar:5.8.2]
	at org.junit.jupiter.engine.extension.TimeoutExtension.interceptTestMethod(TimeoutExtension.java:84) ~[junit-jupiter-engine-5.8.2.jar:5.8.2]
	at org.junit.jupiter.engine.execution.ExecutableInvoker$ReflectiveInterceptorCall.lambda$ofVoidMethod$0(ExecutableInvoker.java:115) ~[junit-jupiter-engine-5.8.2.jar:5.8.2]
	at org.junit.jupiter.engine.execution.ExecutableInvoker.lambda$invoke$0(ExecutableInvoker.java:105) ~[junit-jupiter-engine-5.8.2.jar:5.8.2]
	at org.junit.jupiter.engine.execution.InvocationInterceptorChain$InterceptedInvocation.proceed(InvocationInterceptorChain.java:106) ~[junit-jupiter-engine-5.8.2.jar:5.8.2]
	at org.junit.jupiter.engine.execution.InvocationInterceptorChain.proceed(InvocationInterceptorChain.java:64) ~[junit-jupiter-engine-5.8.2.jar:5.8.2]
	at org.junit.jupiter.engine.execution.InvocationInterceptorChain.chainAndInvoke(InvocationInterceptorChain.java:45) ~[junit-jupiter-engine-5.8.2.jar:5.8.2]
	at org.junit.jupiter.engine.execution.InvocationInterceptorChain.invoke(InvocationInterceptorChain.java:37) ~[junit-jupiter-engine-5.8.2.jar:5.8.2]
	at org.junit.jupiter.engine.execution.ExecutableInvoker.invoke(ExecutableInvoker.java:104) ~[junit-jupiter-engine-5.8.2.jar:5.8.2]
	at org.junit.jupiter.engine.execution.ExecutableInvoker.invoke(ExecutableInvoker.java:98) ~[junit-jupiter-engine-5.8.2.jar:5.8.2]
	at org.junit.jupiter.engine.descriptor.TestMethodTestDescriptor.lambda$invokeTestMethod$7(TestMethodTestDescriptor.java:214) ~[junit-jupiter-engine-5.8.2.jar:5.8.2]
	at org.junit.platform.engine.support.hierarchical.ThrowableCollector.execute(ThrowableCollector.java:73) ~[junit-platform-engine-1.8.2.jar:1.8.2]
	at org.junit.jupiter.engine.descriptor.TestMethodTestDescriptor.invokeTestMethod(TestMethodTestDescriptor.java:210) ~[junit-jupiter-engine-5.8.2.jar:5.8.2]
	at org.junit.jupiter.engine.descriptor.TestMethodTestDescriptor.execute(TestMethodTestDescriptor.java:135) ~[junit-jupiter-engine-5.8.2.jar:5.8.2]
	at org.junit.jupiter.engine.descriptor.TestMethodTestDescriptor.execute(TestMethodTestDescriptor.java:66) ~[junit-jupiter-engine-5.8.2.jar:5.8.2]
	at org.junit.platform.engine.support.hierarchical.NodeTestTask.lambda$executeRecursively$6(NodeTestTask.java:151) ~[junit-platform-engine-1.8.2.jar:1.8.2]
	at org.junit.platform.engine.support.hierarchical.ThrowableCollector.execute(ThrowableCollector.java:73) ~[junit-platform-engine-1.8.2.jar:1.8.2]
	at org.junit.platform.engine.support.hierarchical.NodeTestTask.lambda$executeRecursively$8(NodeTestTask.java:141) ~[junit-platform-engine-1.8.2.jar:1.8.2]
	at org.junit.platform.engine.support.hierarchical.Node.around(Node.java:137) ~[junit-platform-engine-1.8.2.jar:1.8.2]
	at org.junit.platform.engine.support.hierarchical.NodeTestTask.lambda$executeRecursively$9(NodeTestTask.java:139) ~[junit-platform-engine-1.8.2.jar:1.8.2]
	at org.junit.platform.engine.support.hierarchical.ThrowableCollector.execute(ThrowableCollector.java:73) ~[junit-platform-engine-1.8.2.jar:1.8.2]
	at org.junit.platform.engine.support.hierarchical.NodeTestTask.executeRecursively(NodeTestTask.java:138) ~[junit-platform-engine-1.8.2.jar:1.8.2]
	at org.junit.platform.engine.support.hierarchical.NodeTestTask.execute(NodeTestTask.java:95) ~[junit-platform-engine-1.8.2.jar:1.8.2]
	at java.base/java.util.ArrayList.forEach(ArrayList.java:1541) ~[na:na]
	at org.junit.platform.engine.support.hierarchical.SameThreadHierarchicalTestExecutorService.invokeAll(SameThreadHierarchicalTestExecutorService.java:41) ~[junit-platform-engine-1.8.2.jar:1.8.2]
	at org.junit.platform.engine.support.hierarchical.NodeTestTask.lambda$executeRecursively$6(NodeTestTask.java:155) ~[junit-platform-engine-1.8.2.jar:1.8.2]
	at org.junit.platform.engine.support.hierarchical.ThrowableCollector.execute(ThrowableCollector.java:73) ~[junit-platform-engine-1.8.2.jar:1.8.2]
	at org.junit.platform.engine.support.hierarchical.NodeTestTask.lambda$executeRecursively$8(NodeTestTask.java:141) ~[junit-platform-engine-1.8.2.jar:1.8.2]
	at org.junit.platform.engine.support.hierarchical.Node.around(Node.java:137) ~[junit-platform-engine-1.8.2.jar:1.8.2]
	at org.junit.platform.engine.support.hierarchical.NodeTestTask.lambda$executeRecursively$9(NodeTestTask.java:139) ~[junit-platform-engine-1.8.2.jar:1.8.2]
	at org.junit.platform.engine.support.hierarchical.ThrowableCollector.execute(ThrowableCollector.java:73) ~[junit-platform-engine-1.8.2.jar:1.8.2]
	at org.junit.platform.engine.support.hierarchical.NodeTestTask.executeRecursively(NodeTestTask.java:138) ~[junit-platform-engine-1.8.2.jar:1.8.2]
	at org.junit.platform.engine.support.hierarchical.NodeTestTask.execute(NodeTestTask.java:95) ~[junit-platform-engine-1.8.2.jar:1.8.2]
	at java.base/java.util.ArrayList.forEach(ArrayList.java:1541) ~[na:na]
	at org.junit.platform.engine.support.hierarchical.SameThreadHierarchicalTestExecutorService.invokeAll(SameThreadHierarchicalTestExecutorService.java:41) ~[junit-platform-engine-1.8.2.jar:1.8.2]
	at org.junit.platform.engine.support.hierarchical.NodeTestTask.lambda$executeRecursively$6(NodeTestTask.java:155) ~[junit-platform-engine-1.8.2.jar:1.8.2]
	at org.junit.platform.engine.support.hierarchical.ThrowableCollector.execute(ThrowableCollector.java:73) ~[junit-platform-engine-1.8.2.jar:1.8.2]
	at org.junit.platform.engine.support.hierarchical.NodeTestTask.lambda$executeRecursively$8(NodeTestTask.java:141) ~[junit-platform-engine-1.8.2.jar:1.8.2]
	at org.junit.platform.engine.support.hierarchical.Node.around(Node.java:137) ~[junit-platform-engine-1.8.2.jar:1.8.2]
	at org.junit.platform.engine.support.hierarchical.NodeTestTask.lambda$executeRecursively$9(NodeTestTask.java:139) ~[junit-platform-engine-1.8.2.jar:1.8.2]
	at org.junit.platform.engine.support.hierarchical.ThrowableCollector.execute(ThrowableCollector.java:73) ~[junit-platform-engine-1.8.2.jar:1.8.2]
	at org.junit.platform.engine.support.hierarchical.NodeTestTask.executeRecursively(NodeTestTask.java:138) ~[junit-platform-engine-1.8.2.jar:1.8.2]
	at org.junit.platform.engine.support.hierarchical.NodeTestTask.execute(NodeTestTask.java:95) ~[junit-platform-engine-1.8.2.jar:1.8.2]
	at org.junit.platform.engine.support.hierarchical.SameThreadHierarchicalTestExecutorService.submit(SameThreadHierarchicalTestExecutorService.java:35) ~[junit-platform-engine-1.8.2.jar:1.8.2]
	at org.junit.platform.engine.support.hierarchical.HierarchicalTestExecutor.execute(HierarchicalTestExecutor.java:57) ~[junit-platform-engine-1.8.2.jar:1.8.2]
	at org.junit.platform.engine.support.hierarchical.HierarchicalTestEngine.execute(HierarchicalTestEngine.java:54) ~[junit-platform-engine-1.8.2.jar:1.8.2]
	at org.junit.platform.launcher.core.DefaultLauncher.execute(DefaultLauncher.java:170) ~[junit-platform-launcher-1.0.3.jar:1.0.3]
	at org.junit.platform.launcher.core.DefaultLauncher.execute(DefaultLauncher.java:154) ~[junit-platform-launcher-1.0.3.jar:1.0.3]
	at org.junit.platform.launcher.core.DefaultLauncher.execute(DefaultLauncher.java:90) ~[junit-platform-launcher-1.0.3.jar:1.0.3]
	at org.junit.platform.surefire.provider.JUnitPlatformProvider.invokeAllTests(JUnitPlatformProvider.java:132) ~[junit-platform-surefire-provider-1.0.3.jar:1.0.3]
	at org.junit.platform.surefire.provider.JUnitPlatformProvider.invoke(JUnitPlatformProvider.java:111) ~[junit-platform-surefire-provider-1.0.3.jar:1.0.3]
	at org.apache.maven.surefire.booter.ForkedBooter.invokeProviderInSameClassLoader(ForkedBooter.java:290) ~[surefire-booter-2.19.1.jar:2.19.1]
	at org.apache.maven.surefire.booter.ForkedBooter.runSuitesInProcess(ForkedBooter.java:242) ~[surefire-booter-2.19.1.jar:2.19.1]
	at org.apache.maven.surefire.booter.ForkedBooter.main(ForkedBooter.java:121) ~[surefire-booter-2.19.1.jar:2.19.1]
Caused by: java.net.ConnectException: Connection refused (Connection refused)
	at java.base/java.net.PlainSocketImpl.socketConnect(Native Method) ~[na:na]
	at java.base/java.net.AbstractPlainSocketImpl.doConnect(AbstractPlainSocketImpl.java:412) ~[na:na]
	at java.base/java.net.AbstractPlainSocketImpl.connectToAddress(AbstractPlainSocketImpl.java:255) ~[na:na]
	at java.base/java.net.AbstractPlainSocketImpl.connect(AbstractPlainSocketImpl.java:237) ~[na:na]
	at java.base/java.net.SocksSocketImpl.connect(SocksSocketImpl.java:392) ~[na:na]
	at java.base/java.net.Socket.connect(Socket.java:609) ~[na:na]
	at okhttp3.internal.platform.Platform.connectSocket(Platform.kt:128) ~[okhttp-4.9.3.jar:na]
	at okhttp3.internal.connection.RealConnection.connectSocket(RealConnection.kt:295) ~[okhttp-4.9.3.jar:na]
	... 87 common frames omitted

2025-10-01 15:54:52.374  INFO 73 --- [           main] d.f.i.m.c.c.s.keystore.KeyStoreManager   : Successfully loaded Keystore.
2025-10-01 15:54:52.378  INFO 73 --- [           main] d.f.i.m.c.c.s.keystore.KeyStoreManager   : Successfully loaded Truststore.
2025-10-01 15:54:52.387  WARN 73 --- [           main] d.f.i.m.core.config.ClientProvider       : Trustmanager is trusting all Certificates in TEST_DEPLOYMENT mode, you should not use this in production! [code=(IMSCOW0032)]
Tests run: 3, Failures: 0, Errors: 0, Skipped: 0, Time elapsed: 11.496 sec - in de.fraunhofer.ids.messaging.core.config.ConfigProducerTest
Running de.fraunhofer.ids.messaging.core.daps.DapsValidatorTest
2025-10-01 15:54:52.448  INFO 73 --- [           main] o.s.t.c.s.DefaultTestContextBootstrapper : Loaded default TestExecutionListener class names from location [META-INF/spring.factories]: [org.springframework.boot.test.mock.mockito.MockitoTestExecutionListener, org.springframework.boot.test.mock.mockito.ResetMocksTestExecutionListener, org.springframework.boot.test.autoconfigure.restdocs.RestDocsTestExecutionListener, org.springframework.boot.test.autoconfigure.web.client.MockRestServiceServerResetTestExecutionListener, org.springframework.boot.test.autoconfigure.web.servlet.MockMvcPrintOnlyOnFailureTestExecutionListener, org.springframework.boot.test.autoconfigure.web.servlet.WebDriverTestExecutionListener, org.springframework.boot.test.autoconfigure.webservices.client.MockWebServiceServerTestExecutionListener, org.springframework.test.context.web.ServletTestExecutionListener, org.springframework.test.context.support.DirtiesContextBeforeModesTestExecutionListener, org.springframework.test.context.event.ApplicationEventsTestExecutionListener, org.springframework.test.context.support.DependencyInjectionTestExecutionListener, org.springframework.test.context.support.DirtiesContextTestExecutionListener, org.springframework.test.context.transaction.TransactionalTestExecutionListener, org.springframework.test.context.jdbc.SqlScriptsTestExecutionListener, org.springframework.test.context.event.EventPublishingTestExecutionListener]
2025-10-01 15:54:52.450  INFO 73 --- [           main] o.s.t.c.s.DefaultTestContextBootstrapper : Using TestExecutionListeners: [org.springframework.test.context.support.DirtiesContextBeforeModesTestExecutionListener@2ca1e49a, org.springframework.test.context.event.ApplicationEventsTestExecutionListener@1aee6d14, org.springframework.boot.test.mock.mockito.MockitoTestExecutionListener@54a6ef6, org.springframework.test.context.support.DependencyInjectionTestExecutionListener@5c740c5a, org.springframework.test.context.support.DirtiesContextTestExecutionListener@7fd2a67a, org.springframework.test.context.event.EventPublishingTestExecutionListener@163df259, org.springframework.boot.test.mock.mockito.ResetMocksTestExecutionListener@405603b6, org.springframework.boot.test.autoconfigure.restdocs.RestDocsTestExecutionListener@3c3cd13a, org.springframework.boot.test.autoconfigure.web.client.MockRestServiceServerResetTestExecutionListener@56b751b1, org.springframework.boot.test.autoconfigure.web.servlet.MockMvcPrintOnlyOnFailureTestExecutionListener@2f61de04, org.springframework.boot.test.autoconfigure.web.servlet.WebDriverTestExecutionListener@5f5a33ed, org.springframework.boot.test.autoconfigure.webservices.client.MockWebServiceServerTestExecutionListener@5b59c3d]
2025-10-01 15:54:53.371  INFO 73 --- [           main] d.f.i.messaging.core.daps.DapsVerifier   : Successfully verified DAT claims.
2025-10-01 15:54:53.387  INFO 73 --- [           main] d.f.i.messaging.core.daps.DapsVerifier   : Successfully verified DAT claims.
2025-10-01 15:54:53.392  WARN 73 --- [           main] d.f.i.messaging.core.daps.DapsValidator  : SecurityProfile could not be successfully verified! [message=(Security profile violation. Registered security profile at DAPS is: idsc:BASE_CONNECTOR_SECURITY_PROFILE, but the given security profile is: idsc:TRUSTED_CONNECTOR_SECURITY_PROFILE), code=(IMSCOW0033)]
2025-10-01 15:54:53.409  WARN 73 --- [           main] d.f.i.messaging.core.daps.DapsValidator  : SecurityProfile could not be successfully verified! [message=(Security profile violation. Registered security profile at DAPS is: idsc:BASE_CONNECTOR_SECURITY_PROFILE, but the given security profile is: aiosdhiuaghduiwh), code=(IMSCOW0033)]
2025-10-01 15:54:53.454  WARN 73 --- [           main] d.f.i.messaging.core.daps.DapsValidator  : SecurityProfile could not be successfully verified! [message=(Security profile violation. Registered security profile at DAPS is: sjondfasdhfiou, but the given security profile is: idsc:TRUSTED_CONNECTOR_SECURITY_PROFILE), code=(IMSCOW0033)]
2025-10-01 15:54:53.501  WARN 73 --- [           main] d.f.i.messaging.core.daps.DapsValidator  : SecurityProfile could not be successfully verified! [message=(Security profile violation. No security profile given in DAT!), code=(IMSCOW0033)]
2025-10-01 15:54:53.579  INFO 73 --- [           main] d.f.i.messaging.core.daps.DapsVerifier   : Successfully verified DAT claims.
Tests run: 2, Failures: 0, Errors: 0, Skipped: 0, Time elapsed: 1.197 sec - in de.fraunhofer.ids.messaging.core.daps.DapsValidatorTest
Running de.fraunhofer.ids.messaging.core.daps.DapsVerifierTest
2025-10-01 15:54:53.618  WARN 73 --- [           main] d.f.i.messaging.core.daps.DapsVerifier   : Could not verify DAT Claims! [code=(IMSCOW0036)]
2025-10-01 15:54:53.618  INFO 73 --- [           main] d.f.i.messaging.core.daps.DapsVerifier   : Successfully verified DAT claims.
2025-10-01 15:54:53.620  INFO 73 --- [           main] d.f.i.messaging.core.daps.DapsVerifier   : Successfully verified DAT claims.
2025-10-01 15:54:53.621  INFO 73 --- [           main] d.f.i.messaging.core.daps.DapsVerifier   : Successfully verified DAT claims.
2025-10-01 15:54:53.621  WARN 73 --- [           main] d.f.i.messaging.core.daps.DapsVerifier   : Custom DAT validation rule failed! [code=(IMSCOW0035), message=(This rule sometimes fails!)]
2025-10-01 15:54:53.621  WARN 73 --- [           main] d.f.i.messaging.core.daps.DapsVerifier   : Custom DAT validation rule failed! [code=(IMSCOW0035), message=(This rule sometimes fails!)]
Tests run: 1, Failures: 0, Errors: 0, Skipped: 0, Time elapsed: 0.013 sec - in de.fraunhofer.ids.messaging.core.daps.DapsVerifierTest

Results :

Tests run: 6, Failures: 0, Errors: 0, Skipped: 0

[INFO] 
[INFO] ---------------< de.fraunhofer.ids.messaging:messaging >----------------
[INFO] Building messaging 6.1.1                                           [3/8]
[INFO]   from messaging/pom.xml
[INFO] --------------------------------[ jar ]---------------------------------
[INFO] 
[INFO] --- clean:3.2.0:clean (default-clean) @ messaging ---
[INFO] Deleting /IDS-Messaging-Services/messaging/target
[INFO] 
[INFO] --- flatten:1.2.7:clean (flatten.clean) @ messaging ---
[INFO] Deleting /IDS-Messaging-Services/messaging/.flattened-pom.xml
[INFO] 
[INFO] --- resources:3.3.0:resources (default-resources) @ messaging ---
[INFO] skip non existing resourceDirectory /IDS-Messaging-Services/messaging/src/main/resources
[INFO] 
[INFO] --- flatten:1.2.7:flatten (flatten) @ messaging ---
[INFO] Generating flattened POM of project de.fraunhofer.ids.messaging:messaging:jar:6.1.1...
[INFO] 
[INFO] --- compiler:3.10.1:compile (default-compile) @ messaging ---
[INFO] Changes detected - recompiling the module!
[INFO] Compiling 103 source files to /IDS-Messaging-Services/messaging/target/classes
[INFO] /IDS-Messaging-Services/messaging/src/main/java/de/fraunhofer/ids/messaging/protocol/multipart/parser/MultipartParser.java: /IDS-Messaging-Services/messaging/src/main/java/de/fraunhofer/ids/messaging/protocol/multipart/parser/MultipartParser.java uses or overrides a deprecated API.
[INFO] /IDS-Messaging-Services/messaging/src/main/java/de/fraunhofer/ids/messaging/protocol/multipart/parser/MultipartParser.java: Recompile with -Xlint:deprecation for details.
[INFO] /IDS-Messaging-Services/messaging/src/main/java/de/fraunhofer/ids/messaging/requests/builder/IdsRequestBuilder.java: /IDS-Messaging-Services/messaging/src/main/java/de/fraunhofer/ids/messaging/requests/builder/IdsRequestBuilder.java uses unchecked or unsafe operations.
[INFO] /IDS-Messaging-Services/messaging/src/main/java/de/fraunhofer/ids/messaging/requests/builder/IdsRequestBuilder.java: Recompile with -Xlint:unchecked for details.
[INFO] 
[INFO] --- resources:3.3.0:testResources (default-testResources) @ messaging ---
[INFO] Copying 1 resource
[INFO] 
[INFO] --- compiler:3.10.1:testCompile (default-testCompile) @ messaging ---
[INFO] Changes detected - recompiling the module!
[INFO] Compiling 15 source files to /IDS-Messaging-Services/messaging/target/test-classes
[INFO] 
[INFO] --- surefire:2.19.1:test (default-test) @ messaging ---

-------------------------------------------------------
 T E S T S
-------------------------------------------------------

Results :

Tests run: 0, Failures: 0, Errors: 0, Skipped: 0

[INFO] ------------------------------------------------------------------------
[INFO] Reactor Summary for messaging-services 6.1.1:
[INFO] 
[INFO] messaging-services ................................. SUCCESS [  4.199 s]
[INFO] core ............................................... SUCCESS [ 23.346 s]
[INFO] messaging .......................................... FAILURE [  6.829 s]
[INFO] clearinghouse ...................................... SKIPPED
[INFO] broker ............................................. SKIPPED
[INFO] vocol .............................................. SKIPPED
[INFO] paris .............................................. SKIPPED
[INFO] appstore ........................................... SKIPPED
[INFO] ------------------------------------------------------------------------
[INFO] BUILD FAILURE
[INFO] ------------------------------------------------------------------------
[INFO] Total time:  34.779 s
[INFO] Finished at: 2025-10-01T15:55:01Z
[INFO] ------------------------------------------------------------------------
[WARNING] 
[WARNING] Plugin validation issues were detected in 4 plugin(s)
[WARNING] 
[WARNING]  * org.apache.maven.plugins:maven-surefire-plugin:2.19.1
[WARNING]  * org.apache.maven.plugins:maven-compiler-plugin:3.10.1
[WARNING]  * org.codehaus.mojo:flatten-maven-plugin:1.2.7
[WARNING]  * org.apache.maven.plugins:maven-resources-plugin:3.3.0
[WARNING] 
[WARNING] For more or less details, use 'maven.plugin.validation' property with one of the values (case insensitive): [BRIEF, DEFAULT, VERBOSE]
[WARNING] 
[ERROR] Failed to execute goal org.apache.maven.plugins:maven-surefire-plugin:2.19.1:test (default-test) on project messaging: Execution default-test of goal org.apache.maven.plugins:maven-surefire-plugin:2.19.1:test failed: An API incompatibility was encountered while executing org.apache.maven.plugins:maven-surefire-plugin:2.19.1:test: java.lang.NoSuchMethodError: 'java.lang.Object org.apache.maven.surefire.util.internal.StringUtils.requireNonNull(java.lang.Object)'
[ERROR] -----------------------------------------------------
[ERROR] realm =    plugin>org.apache.maven.plugins:maven-surefire-plugin:2.19.1--530687083
[ERROR] strategy = org.codehaus.plexus.classworlds.strategy.SelfFirstStrategy
[ERROR] urls[0] = file:/root/.m2/repository/org/apache/maven/plugins/maven-surefire-plugin/2.19.1/maven-surefire-plugin-2.19.1.jar
[ERROR] urls[1] = file:/root/.m2/repository/org/junit/platform/junit-platform-surefire-provider/1.3.2/junit-platform-surefire-provider-1.3.2.jar
[ERROR] urls[2] = file:/root/.m2/repository/org/apiguardian/apiguardian-api/1.0.0/apiguardian-api-1.0.0.jar
[ERROR] urls[3] = file:/root/.m2/repository/org/junit/platform/junit-platform-launcher/1.3.2/junit-platform-launcher-1.3.2.jar
[ERROR] urls[4] = file:/root/.m2/repository/org/apache/maven/surefire/common-java5/2.22.0/common-java5-2.22.0.jar
[ERROR] urls[5] = file:/root/.m2/repository/org/junit/jupiter/junit-jupiter-engine/5.8.2/junit-jupiter-engine-5.8.2.jar
[ERROR] urls[6] = file:/root/.m2/repository/org/junit/platform/junit-platform-engine/1.8.2/junit-platform-engine-1.8.2.jar
[ERROR] urls[7] = file:/root/.m2/repository/org/opentest4j/opentest4j/1.2.0/opentest4j-1.2.0.jar
[ERROR] urls[8] = file:/root/.m2/repository/org/junit/platform/junit-platform-commons/1.8.2/junit-platform-commons-1.8.2.jar
[ERROR] urls[9] = file:/root/.m2/repository/org/junit/jupiter/junit-jupiter-api/5.8.2/junit-jupiter-api-5.8.2.jar
[ERROR] urls[10] = file:/root/.m2/repository/org/apache/maven/surefire/maven-surefire-common/2.19.1/maven-surefire-common-2.19.1.jar
[ERROR] urls[11] = file:/root/.m2/repository/org/apache/maven/surefire/surefire-booter/2.19.1/surefire-booter-2.19.1.jar
[ERROR] urls[12] = file:/root/.m2/repository/org/codehaus/plexus/plexus-utils/1.5.15/plexus-utils-1.5.15.jar
[ERROR] urls[13] = file:/root/.m2/repository/junit/junit/4.12/junit-4.12.jar
[ERROR] urls[14] = file:/root/.m2/repository/org/hamcrest/hamcrest-core/1.3/hamcrest-core-1.3.jar
[ERROR] urls[15] = file:/root/.m2/repository/backport-util-concurrent/backport-util-concurrent/3.1/backport-util-concurrent-3.1.jar
[ERROR] urls[16] = file:/root/.m2/repository/org/codehaus/plexus/plexus-interpolation/1.11/plexus-interpolation-1.11.jar
[ERROR] urls[17] = file:/root/.m2/repository/org/slf4j/slf4j-jdk14/1.5.6/slf4j-jdk14-1.5.6.jar
[ERROR] urls[18] = file:/root/.m2/repository/org/slf4j/jcl-over-slf4j/1.5.6/jcl-over-slf4j-1.5.6.jar
[ERROR] urls[19] = file:/root/.m2/repository/org/apache/maven/reporting/maven-reporting-api/3.0/maven-reporting-api-3.0.jar
[ERROR] urls[20] = file:/root/.m2/repository/org/sonatype/plexus/plexus-sec-dispatcher/1.3/plexus-sec-dispatcher-1.3.jar
[ERROR] urls[21] = file:/root/.m2/repository/org/sonatype/plexus/plexus-cipher/1.4/plexus-cipher-1.4.jar
[ERROR] urls[22] = file:/root/.m2/repository/org/apache/commons/commons-lang3/3.1/commons-lang3-3.1.jar
[ERROR] urls[23] = file:/root/.m2/repository/org/apache/maven/surefire/surefire-api/2.19.1/surefire-api-2.19.1.jar
[ERROR] urls[24] = file:/root/.m2/repository/org/apache/maven/plugin-tools/maven-plugin-annotations/3.3/maven-plugin-annotations-3.3.jar
[ERROR] Number of foreign imports: 1
[ERROR] import: Entry[import  from realm ClassRealm[maven.api, parent: null]]
[ERROR] 
[ERROR] -----------------------------------------------------
[ERROR] -> [Help 1]
[ERROR] 
[ERROR] To see the full stack trace of the errors, re-run Maven with the -e switch.
[ERROR] Re-run Maven using the -X switch to enable full debug logging.
[ERROR] 
[ERROR] For more information about the errors and possible solutions, please read the following articles:
[ERROR] [Help 1] http://cwiki.apache.org/confluence/display/MAVEN/PluginContainerException
[ERROR] 
[ERROR] After correcting the problems, you can resume the build with the command
[ERROR]   mvn <args> -rf :messaging
